#Software: Microsoft Internet Information Services 10.0
#Version: 1.0
#Date: 2017-09-06 00:18:38
#Fields: date time s-ip cs-method cs-uri-stem cs-uri-query s-port cs-username c-ip cs(User-Agent) cs(Referer) sc-status sc-substatus sc-win32-status time-taken
2017-09-06 00:18:38 ::1 POST /api/jobs - 5455 - ::1 - - 200 0 0 984
2017-09-06 00:18:39 ::1 GET /api/jobs/de10c7fc-cd6d-4cc9-aa77-73c0c4f2894f - 5455 - ::1 - - 200 0 0 15
2017-09-06 00:18:40 ::1 GET /api/jobs/de10c7fc-cd6d-4cc9-aa77-73c0c4f2894f - 5455 - ::1 - - 200 0 0 15
2017-09-06 00:18:41 ::1 GET /api/jobs/de10c7fc-cd6d-4cc9-aa77-73c0c4f2894f - 5455 - ::1 - - 200 0 0 0
2017-09-06 00:18:42 ::1 GET /api/jobs/de10c7fc-cd6d-4cc9-aa77-73c0c4f2894f - 5455 - ::1 - - 200 0 0 0
2017-09-06 00:18:43 ::1 GET /api/jobs/de10c7fc-cd6d-4cc9-aa77-73c0c4f2894f - 5455 - ::1 - - 200 0 0 0
2017-09-06 00:18:44 ::1 GET /api/jobs/de10c7fc-cd6d-4cc9-aa77-73c0c4f2894f - 5455 - ::1 - - 200 0 0 0
2017-09-06 00:18:45 ::1 GET /api/jobs/de10c7fc-cd6d-4cc9-aa77-73c0c4f2894f - 5455 - ::1 - - 200 0 0 0
2017-09-06 00:18:46 ::1 GET /api/jobs/de10c7fc-cd6d-4cc9-aa77-73c0c4f2894f - 5455 - ::1 - - 200 0 0 0
2017-09-06 00:18:47 ::1 GET /api/jobs/de10c7fc-cd6d-4cc9-aa77-73c0c4f2894f - 5455 - ::1 - - 200 0 0 0
2017-09-06 00:18:48 ::1 GET /api/jobs/de10c7fc-cd6d-4cc9-aa77-73c0c4f2894f - 5455 - ::1 - - 200 0 0 0
2017-09-06 00:18:49 ::1 GET /api/jobs/de10c7fc-cd6d-4cc9-aa77-73c0c4f2894f - 5455 - ::1 - - 200 0 0 0
2017-09-06 00:18:50 ::1 GET /api/jobs/de10c7fc-cd6d-4cc9-aa77-73c0c4f2894f - 5455 - ::1 - - 200 0 0 0
2017-09-06 00:18:51 ::1 GET /api/jobs/de10c7fc-cd6d-4cc9-aa77-73c0c4f2894f - 5455 - ::1 - - 200 0 0 0
2017-09-06 00:18:52 ::1 GET /api/jobs/de10c7fc-cd6d-4cc9-aa77-73c0c4f2894f - 5455 - ::1 - - 200 0 0 0
2017-09-06 00:18:53 ::1 GET /api/jobs/de10c7fc-cd6d-4cc9-aa77-73c0c4f2894f - 5455 - ::1 - - 200 0 0 0
2017-09-06 00:18:54 ::1 GET /api/jobs/de10c7fc-cd6d-4cc9-aa77-73c0c4f2894f - 5455 - ::1 - - 200 0 0 0
2017-09-06 00:18:55 ::1 GET /api/jobs/de10c7fc-cd6d-4cc9-aa77-73c0c4f2894f - 5455 - ::1 - - 200 0 0 0
2017-09-06 00:18:56 ::1 GET /api/jobs/de10c7fc-cd6d-4cc9-aa77-73c0c4f2894f - 5455 - ::1 - - 200 0 0 0
2017-09-06 00:18:57 ::1 GET /api/jobs/de10c7fc-cd6d-4cc9-aa77-73c0c4f2894f - 5455 - ::1 - - 200 0 0 0
2017-09-06 00:18:58 ::1 GET /api/jobs/de10c7fc-cd6d-4cc9-aa77-73c0c4f2894f - 5455 - ::1 - - 200 0 0 0
2017-09-06 00:18:59 ::1 GET /api/jobs/de10c7fc-cd6d-4cc9-aa77-73c0c4f2894f - 5455 - ::1 - - 200 0 0 0
2017-09-06 00:19:00 ::1 GET /api/jobs/de10c7fc-cd6d-4cc9-aa77-73c0c4f2894f - 5455 - ::1 - - 200 0 0 0
2017-09-06 00:19:01 ::1 GET /api/jobs/de10c7fc-cd6d-4cc9-aa77-73c0c4f2894f - 5455 - ::1 - - 200 0 0 0
2017-09-06 00:19:02 ::1 GET /api/jobs/de10c7fc-cd6d-4cc9-aa77-73c0c4f2894f - 5455 - ::1 - - 200 0 0 0
2017-09-06 00:19:03 ::1 GET /api/jobs/de10c7fc-cd6d-4cc9-aa77-73c0c4f2894f - 5455 - ::1 - - 200 0 0 0
2017-09-06 00:19:04 ::1 GET /api/jobs/de10c7fc-cd6d-4cc9-aa77-73c0c4f2894f - 5455 - ::1 - - 200 0 0 0
2017-09-06 00:19:05 ::1 GET /api/jobs/de10c7fc-cd6d-4cc9-aa77-73c0c4f2894f - 5455 - ::1 - - 200 0 0 0
2017-09-06 00:19:06 ::1 GET /api/jobs/de10c7fc-cd6d-4cc9-aa77-73c0c4f2894f - 5455 - ::1 - - 200 0 0 0
2017-09-06 00:19:07 ::1 GET /api/jobs/de10c7fc-cd6d-4cc9-aa77-73c0c4f2894f - 5455 - ::1 - - 200 0 0 0
2017-09-06 00:19:08 ::1 GET /api/jobs/de10c7fc-cd6d-4cc9-aa77-73c0c4f2894f - 5455 - ::1 - - 200 0 0 0
2017-09-06 00:19:09 ::1 GET /api/jobs/de10c7fc-cd6d-4cc9-aa77-73c0c4f2894f - 5455 - ::1 - - 200 0 0 0
2017-09-06 00:19:10 ::1 GET /api/jobs/de10c7fc-cd6d-4cc9-aa77-73c0c4f2894f - 5455 - ::1 - - 200 0 0 0
2017-09-06 00:19:11 ::1 GET /api/jobs/de10c7fc-cd6d-4cc9-aa77-73c0c4f2894f - 5455 - ::1 - - 200 0 0 0
2017-09-06 00:19:13 ::1 GET /api/jobs/de10c7fc-cd6d-4cc9-aa77-73c0c4f2894f - 5455 - ::1 - - 200 0 0 0
2017-09-06 00:19:14 ::1 GET /api/jobs/de10c7fc-cd6d-4cc9-aa77-73c0c4f2894f - 5455 - ::1 - - 200 0 0 15
2017-09-06 00:19:15 ::1 GET /api/jobs/de10c7fc-cd6d-4cc9-aa77-73c0c4f2894f - 5455 - ::1 - - 200 0 0 0
2017-09-06 00:19:16 ::1 GET /api/jobs/de10c7fc-cd6d-4cc9-aa77-73c0c4f2894f - 5455 - ::1 - - 200 0 0 0
2017-09-06 00:19:17 ::1 GET /api/jobs/de10c7fc-cd6d-4cc9-aa77-73c0c4f2894f - 5455 - ::1 - - 200 0 0 0
2017-09-06 00:19:18 ::1 GET /api/jobs/de10c7fc-cd6d-4cc9-aa77-73c0c4f2894f - 5455 - ::1 - - 200 0 0 0
2017-09-06 00:19:19 ::1 GET /api/jobs/de10c7fc-cd6d-4cc9-aa77-73c0c4f2894f - 5455 - ::1 - - 200 0 0 0
2017-09-06 00:19:20 ::1 GET /api/jobs/de10c7fc-cd6d-4cc9-aa77-73c0c4f2894f - 5455 - ::1 - - 200 0 0 0
2017-09-06 00:19:21 ::1 GET /api/jobs/de10c7fc-cd6d-4cc9-aa77-73c0c4f2894f - 5455 - ::1 - - 200 0 0 0
2017-09-06 00:19:22 ::1 GET /api/jobs/de10c7fc-cd6d-4cc9-aa77-73c0c4f2894f - 5455 - ::1 - - 200 0 0 0
2017-09-06 00:19:23 ::1 GET /api/jobs/de10c7fc-cd6d-4cc9-aa77-73c0c4f2894f - 5455 - ::1 - - 200 0 0 0
2017-09-06 00:19:24 ::1 GET /api/jobs/de10c7fc-cd6d-4cc9-aa77-73c0c4f2894f - 5455 - ::1 - - 200 0 0 0
2017-09-06 00:19:25 ::1 GET /api/jobs/de10c7fc-cd6d-4cc9-aa77-73c0c4f2894f - 5455 - ::1 - - 200 0 0 0
2017-09-06 00:19:26 ::1 GET /api/jobs/de10c7fc-cd6d-4cc9-aa77-73c0c4f2894f - 5455 - ::1 - - 200 0 0 0
2017-09-06 00:19:27 ::1 GET /api/jobs/de10c7fc-cd6d-4cc9-aa77-73c0c4f2894f - 5455 - ::1 - - 200 0 0 0
2017-09-06 00:19:28 ::1 GET /api/jobs/de10c7fc-cd6d-4cc9-aa77-73c0c4f2894f - 5455 - ::1 - - 200 0 0 0
2017-09-06 00:19:29 ::1 GET /api/jobs/de10c7fc-cd6d-4cc9-aa77-73c0c4f2894f - 5455 - ::1 - - 200 0 0 0
2017-09-06 00:19:30 ::1 GET /api/jobs/de10c7fc-cd6d-4cc9-aa77-73c0c4f2894f - 5455 - ::1 - - 200 0 0 0
2017-09-06 00:19:31 ::1 GET /api/jobs/de10c7fc-cd6d-4cc9-aa77-73c0c4f2894f - 5455 - ::1 - - 200 0 0 0
2017-09-06 00:19:32 ::1 GET /api/jobs/de10c7fc-cd6d-4cc9-aa77-73c0c4f2894f - 5455 - ::1 - - 200 0 0 0
2017-09-06 00:19:33 ::1 GET /api/jobs/de10c7fc-cd6d-4cc9-aa77-73c0c4f2894f - 5455 - ::1 - - 200 0 0 0
2017-09-06 00:19:34 ::1 GET /api/jobs/de10c7fc-cd6d-4cc9-aa77-73c0c4f2894f - 5455 - ::1 - - 200 0 0 0
2017-09-06 00:19:35 ::1 GET /api/jobs/de10c7fc-cd6d-4cc9-aa77-73c0c4f2894f - 5455 - ::1 - - 200 0 0 0
2017-09-06 00:19:36 ::1 GET /api/jobs/de10c7fc-cd6d-4cc9-aa77-73c0c4f2894f - 5455 - ::1 - - 200 0 0 0
2017-09-06 00:19:37 ::1 GET /api/jobs/de10c7fc-cd6d-4cc9-aa77-73c0c4f2894f - 5455 - ::1 - - 200 0 0 0
2017-09-06 00:19:38 ::1 GET /api/jobs/de10c7fc-cd6d-4cc9-aa77-73c0c4f2894f - 5455 - ::1 - - 200 0 0 0
2017-09-06 00:19:39 ::1 GET /api/jobs/de10c7fc-cd6d-4cc9-aa77-73c0c4f2894f - 5455 - ::1 - - 200 0 0 0
2017-09-06 00:19:40 ::1 GET /api/jobs/de10c7fc-cd6d-4cc9-aa77-73c0c4f2894f - 5455 - ::1 - - 200 0 0 0
2017-09-06 00:19:41 ::1 GET /api/jobs/de10c7fc-cd6d-4cc9-aa77-73c0c4f2894f - 5455 - ::1 - - 200 0 0 0
2017-09-06 00:19:42 ::1 GET /api/jobs/de10c7fc-cd6d-4cc9-aa77-73c0c4f2894f - 5455 - ::1 - - 200 0 0 0
2017-09-06 00:19:43 ::1 GET /api/jobs/de10c7fc-cd6d-4cc9-aa77-73c0c4f2894f - 5455 - ::1 - - 200 0 0 0
2017-09-06 00:19:44 ::1 GET /api/jobs/de10c7fc-cd6d-4cc9-aa77-73c0c4f2894f - 5455 - ::1 - - 200 0 0 0
2017-09-06 00:19:45 ::1 GET /api/jobs/de10c7fc-cd6d-4cc9-aa77-73c0c4f2894f - 5455 - ::1 - - 200 0 0 0
2017-09-06 00:19:46 ::1 GET /api/jobs/de10c7fc-cd6d-4cc9-aa77-73c0c4f2894f - 5455 - ::1 - - 200 0 0 0
2017-09-06 00:19:47 ::1 GET /api/jobs/de10c7fc-cd6d-4cc9-aa77-73c0c4f2894f - 5455 - ::1 - - 200 0 0 0
2017-09-06 00:19:48 ::1 GET /api/jobs/de10c7fc-cd6d-4cc9-aa77-73c0c4f2894f - 5455 - ::1 - - 200 0 0 0
2017-09-06 00:19:49 ::1 GET /api/jobs/de10c7fc-cd6d-4cc9-aa77-73c0c4f2894f - 5455 - ::1 - - 200 0 0 0
2017-09-06 00:19:50 ::1 GET /api/jobs/de10c7fc-cd6d-4cc9-aa77-73c0c4f2894f - 5455 - ::1 - - 200 0 0 0
2017-09-06 00:19:51 ::1 GET /api/jobs/de10c7fc-cd6d-4cc9-aa77-73c0c4f2894f - 5455 - ::1 - - 200 0 0 0
2017-09-06 00:19:52 ::1 GET /api/jobs/de10c7fc-cd6d-4cc9-aa77-73c0c4f2894f - 5455 - ::1 - - 200 0 0 0
2017-09-06 00:19:54 ::1 GET /api/jobs/de10c7fc-cd6d-4cc9-aa77-73c0c4f2894f - 5455 - ::1 - - 200 0 0 0
2017-09-06 00:19:55 ::1 GET /api/jobs/de10c7fc-cd6d-4cc9-aa77-73c0c4f2894f - 5455 - ::1 - - 200 0 0 0
2017-09-06 00:19:56 ::1 GET /api/jobs/de10c7fc-cd6d-4cc9-aa77-73c0c4f2894f - 5455 - ::1 - - 200 0 0 0
2017-09-06 00:19:57 ::1 GET /api/jobs/de10c7fc-cd6d-4cc9-aa77-73c0c4f2894f - 5455 - ::1 - - 200 0 0 0
2017-09-06 00:19:58 ::1 GET /api/jobs/de10c7fc-cd6d-4cc9-aa77-73c0c4f2894f - 5455 - ::1 - - 200 0 0 0
2017-09-06 00:19:59 ::1 GET /api/jobs/de10c7fc-cd6d-4cc9-aa77-73c0c4f2894f - 5455 - ::1 - - 200 0 0 0
2017-09-06 00:20:00 ::1 GET /api/jobs/de10c7fc-cd6d-4cc9-aa77-73c0c4f2894f - 5455 - ::1 - - 200 0 0 0
2017-09-06 00:20:01 ::1 GET /api/jobs/de10c7fc-cd6d-4cc9-aa77-73c0c4f2894f - 5455 - ::1 - - 200 0 0 0
2017-09-06 00:20:02 ::1 GET /api/jobs/de10c7fc-cd6d-4cc9-aa77-73c0c4f2894f - 5455 - ::1 - - 200 0 0 0
2017-09-06 00:20:03 ::1 GET /api/jobs/de10c7fc-cd6d-4cc9-aa77-73c0c4f2894f - 5455 - ::1 - - 200 0 0 0
2017-09-06 00:20:04 ::1 GET /api/jobs/de10c7fc-cd6d-4cc9-aa77-73c0c4f2894f - 5455 - ::1 - - 200 0 0 0
2017-09-06 00:20:05 ::1 GET /api/jobs/de10c7fc-cd6d-4cc9-aa77-73c0c4f2894f - 5455 - ::1 - - 200 0 0 0
2017-09-06 00:20:06 ::1 GET /api/jobs/de10c7fc-cd6d-4cc9-aa77-73c0c4f2894f - 5455 - ::1 - - 200 0 0 0
2017-09-06 00:20:07 ::1 GET /api/jobs/de10c7fc-cd6d-4cc9-aa77-73c0c4f2894f - 5455 - ::1 - - 200 0 0 0
2017-09-06 00:20:08 ::1 GET /api/jobs/de10c7fc-cd6d-4cc9-aa77-73c0c4f2894f - 5455 - ::1 - - 200 0 0 0
2017-09-06 00:20:09 ::1 GET /api/jobs/de10c7fc-cd6d-4cc9-aa77-73c0c4f2894f - 5455 - ::1 - - 200 0 0 0
2017-09-06 00:20:10 ::1 GET /api/jobs/de10c7fc-cd6d-4cc9-aa77-73c0c4f2894f - 5455 - ::1 - - 200 0 0 0
2017-09-06 00:20:11 ::1 GET /api/jobs/de10c7fc-cd6d-4cc9-aa77-73c0c4f2894f - 5455 - ::1 - - 200 0 0 0
2017-09-06 00:20:12 ::1 GET /api/jobs/de10c7fc-cd6d-4cc9-aa77-73c0c4f2894f - 5455 - ::1 - - 200 0 0 0
2017-09-06 00:20:13 ::1 GET /api/jobs/de10c7fc-cd6d-4cc9-aa77-73c0c4f2894f - 5455 - ::1 - - 200 0 0 0
2017-09-06 00:20:14 ::1 GET /api/jobs/de10c7fc-cd6d-4cc9-aa77-73c0c4f2894f - 5455 - ::1 - - 200 0 0 0
2017-09-06 00:20:15 ::1 GET /api/jobs/de10c7fc-cd6d-4cc9-aa77-73c0c4f2894f - 5455 - ::1 - - 200 0 0 0
2017-09-06 00:20:16 ::1 GET /api/jobs/de10c7fc-cd6d-4cc9-aa77-73c0c4f2894f - 5455 - ::1 - - 200 0 0 0
2017-09-06 00:20:17 ::1 GET /api/jobs/de10c7fc-cd6d-4cc9-aa77-73c0c4f2894f - 5455 - ::1 - - 200 0 0 0
2017-09-06 00:20:18 ::1 GET /api/jobs/de10c7fc-cd6d-4cc9-aa77-73c0c4f2894f - 5455 - ::1 - - 200 0 0 0
2017-09-06 00:20:19 ::1 GET /api/jobs/de10c7fc-cd6d-4cc9-aa77-73c0c4f2894f - 5455 - ::1 - - 200 0 0 0
2017-09-06 00:20:20 ::1 GET /api/jobs/de10c7fc-cd6d-4cc9-aa77-73c0c4f2894f - 5455 - ::1 - - 200 0 0 0
2017-09-06 00:20:21 ::1 GET /api/jobs/de10c7fc-cd6d-4cc9-aa77-73c0c4f2894f - 5455 - ::1 - - 200 0 0 0
2017-09-06 00:20:22 ::1 GET /api/jobs/de10c7fc-cd6d-4cc9-aa77-73c0c4f2894f - 5455 - ::1 - - 200 0 0 0
2017-09-06 00:20:23 ::1 GET /api/jobs/de10c7fc-cd6d-4cc9-aa77-73c0c4f2894f - 5455 - ::1 - - 200 0 0 0
2017-09-06 00:20:24 ::1 GET /api/jobs/de10c7fc-cd6d-4cc9-aa77-73c0c4f2894f - 5455 - ::1 - - 200 0 0 0
2017-09-06 00:20:25 ::1 GET /api/jobs/de10c7fc-cd6d-4cc9-aa77-73c0c4f2894f - 5455 - ::1 - - 200 0 0 0
2017-09-06 00:20:26 ::1 GET /api/jobs/de10c7fc-cd6d-4cc9-aa77-73c0c4f2894f - 5455 - ::1 - - 200 0 0 0
2017-09-06 00:20:27 ::1 GET /api/jobs/de10c7fc-cd6d-4cc9-aa77-73c0c4f2894f - 5455 - ::1 - - 200 0 0 0
2017-09-06 00:20:28 ::1 GET /api/jobs/de10c7fc-cd6d-4cc9-aa77-73c0c4f2894f - 5455 - ::1 - - 200 0 0 0
2017-09-06 00:20:29 ::1 GET /api/jobs/de10c7fc-cd6d-4cc9-aa77-73c0c4f2894f - 5455 - ::1 - - 200 0 0 0
2017-09-06 00:20:30 ::1 GET /api/jobs/de10c7fc-cd6d-4cc9-aa77-73c0c4f2894f - 5455 - ::1 - - 200 0 0 15
2017-09-06 00:20:30 ::1 POST /api/jobs - 5455 - ::1 - - 200 0 0 0
2017-09-06 00:20:31 ::1 GET /api/jobs/4c4bbd5f-4c9e-4699-9fe0-02b9d7c2716b - 5455 - ::1 - - 200 0 0 0
2017-09-06 00:20:31 ::1 POST /api/jobs - 5455 - ::1 - - 200 0 0 15
2017-09-06 00:20:31 ::1 GET /api/jobs/6a4147aa-b487-4105-85da-916ad4189f92 - 5455 - ::1 - - 200 0 0 0
2017-09-06 00:20:33 ::1 GET /api/jobs/6a4147aa-b487-4105-85da-916ad4189f92 - 5455 - ::1 - - 200 0 0 0
2017-09-06 00:20:33 ::1 GET /api/jobs/6a4147aa-b487-4105-85da-916ad4189f92 - 5455 - ::1 - - 200 0 0 0
2017-09-06 00:20:33 ::1 POST /api/jobs - 5455 - ::1 - - 200 0 0 0
2017-09-06 00:20:34 ::1 GET /api/jobs/2f3b8ddf-e138-4b14-a544-c373d8b275a4 - 5455 - ::1 - - 200 0 0 0
2017-09-06 00:20:34 ::1 GET /api/jobs/2f3b8ddf-e138-4b14-a544-c373d8b275a4 - 5455 - ::1 - - 200 0 0 0
2017-09-06 00:20:34 ::1 POST /api/jobs - 5455 - ::1 - - 200 0 0 0
2017-09-06 00:20:35 ::1 GET /api/jobs/90e43216-682d-4c2b-9143-ae83cfcedcb8 - 5455 - ::1 - - 200 0 0 0
2017-09-06 00:20:35 ::1 GET /api/jobs/90e43216-682d-4c2b-9143-ae83cfcedcb8 - 5455 - ::1 - - 200 0 0 0
2017-09-06 00:20:36 ::1 GET /api/jobs/90e43216-682d-4c2b-9143-ae83cfcedcb8 - 5455 - ::1 - - 200 0 0 0
2017-09-06 00:20:36 ::1 POST /api/jobs - 5455 - ::1 - - 200 0 0 15
2017-09-06 00:20:36 ::1 GET /api/jobs/0361a181-0300-4735-aa2d-bce072e0af96 - 5455 - ::1 - - 200 0 0 0
2017-09-06 00:20:37 ::1 GET /api/jobs/0361a181-0300-4735-aa2d-bce072e0af96 - 5455 - ::1 - - 200 0 0 0
2017-09-06 00:20:37 ::1 POST /api/jobs - 5455 - ::1 - - 200 0 0 0
2017-09-06 00:20:37 ::1 GET /api/jobs/d5030790-0f17-4078-be3e-aba4029864ab - 5455 - ::1 - - 200 0 0 0
#Software: Microsoft Internet Information Services 10.0
#Version: 1.0
#Date: 2017-09-06 14:31:24
#Fields: date time s-ip cs-method cs-uri-stem cs-uri-query s-port cs-username c-ip cs(User-Agent) cs(Referer) sc-status sc-substatus sc-win32-status time-taken
2017-09-06 14:31:23 ::1 POST /api/jobs - 5455 - ::1 - - 200 0 0 734
2017-09-06 14:31:25 ::1 GET /api/jobs/3a94c887-2a00-474f-b56f-af24ef9e9197 - 5455 - ::1 - - 200 0 0 0
2017-09-06 14:31:26 ::1 GET /api/jobs/3a94c887-2a00-474f-b56f-af24ef9e9197 - 5455 - ::1 - - 200 0 0 0
2017-09-06 14:31:27 ::1 GET /api/jobs/3a94c887-2a00-474f-b56f-af24ef9e9197 - 5455 - ::1 - - 200 0 0 0
2017-09-06 14:31:28 ::1 GET /api/jobs/3a94c887-2a00-474f-b56f-af24ef9e9197 - 5455 - ::1 - - 200 0 0 0
2017-09-06 14:31:29 ::1 GET /api/jobs/3a94c887-2a00-474f-b56f-af24ef9e9197 - 5455 - ::1 - - 200 0 0 0
2017-09-06 14:31:30 ::1 GET /api/jobs/3a94c887-2a00-474f-b56f-af24ef9e9197 - 5455 - ::1 - - 200 0 0 0
2017-09-06 14:31:31 ::1 GET /api/jobs/3a94c887-2a00-474f-b56f-af24ef9e9197 - 5455 - ::1 - - 200 0 0 0
2017-09-06 14:31:32 ::1 GET /api/jobs/3a94c887-2a00-474f-b56f-af24ef9e9197 - 5455 - ::1 - - 200 0 0 0
2017-09-06 14:31:33 ::1 GET /api/jobs/3a94c887-2a00-474f-b56f-af24ef9e9197 - 5455 - ::1 - - 200 0 0 0
2017-09-06 14:31:34 ::1 GET /api/jobs/3a94c887-2a00-474f-b56f-af24ef9e9197 - 5455 - ::1 - - 200 0 0 0
2017-09-06 14:31:35 ::1 GET /api/jobs/3a94c887-2a00-474f-b56f-af24ef9e9197 - 5455 - ::1 - - 200 0 0 0
2017-09-06 14:31:36 ::1 GET /api/jobs/3a94c887-2a00-474f-b56f-af24ef9e9197 - 5455 - ::1 - - 200 0 0 0
2017-09-06 14:31:38 ::1 GET /api/jobs/3a94c887-2a00-474f-b56f-af24ef9e9197 - 5455 - ::1 - - 200 0 0 0
2017-09-06 14:31:39 ::1 GET /api/jobs/3a94c887-2a00-474f-b56f-af24ef9e9197 - 5455 - ::1 - - 200 0 0 0
2017-09-06 14:31:40 ::1 GET /api/jobs/3a94c887-2a00-474f-b56f-af24ef9e9197 - 5455 - ::1 - - 200 0 0 0
2017-09-06 14:31:41 ::1 GET /api/jobs/3a94c887-2a00-474f-b56f-af24ef9e9197 - 5455 - ::1 - - 200 0 0 0
2017-09-06 14:31:42 ::1 GET /api/jobs/3a94c887-2a00-474f-b56f-af24ef9e9197 - 5455 - ::1 - - 200 0 0 0
2017-09-06 14:31:43 ::1 GET /api/jobs/3a94c887-2a00-474f-b56f-af24ef9e9197 - 5455 - ::1 - - 200 0 0 0
2017-09-06 14:31:44 ::1 GET /api/jobs/3a94c887-2a00-474f-b56f-af24ef9e9197 - 5455 - ::1 - - 200 0 0 0
2017-09-06 14:31:45 ::1 GET /api/jobs/3a94c887-2a00-474f-b56f-af24ef9e9197 - 5455 - ::1 - - 200 0 0 0
2017-09-06 14:31:46 ::1 GET /api/jobs/3a94c887-2a00-474f-b56f-af24ef9e9197 - 5455 - ::1 - - 200 0 0 0
2017-09-06 14:31:46 ::1 POST /api/jobs - 5455 - ::1 - - 200 0 0 0
2017-09-06 14:31:47 ::1 GET /api/jobs/1c3a3497-c88f-4d4a-9705-b0c9e008970d - 5455 - ::1 - - 200 0 0 0
2017-09-06 14:31:48 ::1 GET /api/jobs/1c3a3497-c88f-4d4a-9705-b0c9e008970d - 5455 - ::1 - - 200 0 0 15
2017-09-06 14:31:48 ::1 POST /api/jobs - 5455 - ::1 - - 200 0 0 0
2017-09-06 14:31:48 ::1 GET /api/jobs/aed1fa8e-8471-4bf2-855f-c30bd04dc8b9 - 5455 - ::1 - - 200 0 0 0
2017-09-06 14:31:49 ::1 GET /api/jobs/aed1fa8e-8471-4bf2-855f-c30bd04dc8b9 - 5455 - ::1 - - 200 0 0 0
2017-09-06 14:31:49 ::1 GET /api/jobs/aed1fa8e-8471-4bf2-855f-c30bd04dc8b9 - 5455 - ::1 - - 200 0 0 0
2017-09-06 14:31:50 ::1 GET /api/jobs/aed1fa8e-8471-4bf2-855f-c30bd04dc8b9 - 5455 - ::1 - - 200 0 0 0
2017-09-06 14:31:50 ::1 POST /api/jobs - 5455 - ::1 - - 200 0 0 0
2017-09-06 14:31:50 ::1 GET /api/jobs/98a114fd-b695-4fc5-bca7-3f7760020ca5 - 5455 - ::1 - - 200 0 0 0
2017-09-06 14:31:51 ::1 GET /api/jobs/98a114fd-b695-4fc5-bca7-3f7760020ca5 - 5455 - ::1 - - 200 0 0 0
2017-09-06 14:31:51 ::1 GET /api/jobs/98a114fd-b695-4fc5-bca7-3f7760020ca5 - 5455 - ::1 - - 200 0 0 0
2017-09-06 14:31:51 ::1 POST /api/jobs - 5455 - ::1 - - 200 0 0 0
2017-09-06 14:31:52 ::1 GET /api/jobs/c9ec0621-1620-4b7f-ba5e-87d0fbcf475c - 5455 - ::1 - - 200 0 0 0
2017-09-06 14:31:52 ::1 GET /api/jobs/c9ec0621-1620-4b7f-ba5e-87d0fbcf475c - 5455 - ::1 - - 200 0 0 0
2017-09-06 14:31:52 ::1 POST /api/jobs - 5455 - ::1 - - 200 0 0 15
2017-09-06 14:31:53 ::1 GET /api/jobs/b25379ff-5e64-4068-a187-74e6a716da59 - 5455 - ::1 - - 200 0 0 0
2017-09-06 14:33:02 ::1 POST /api/jobs - 5455 - ::1 - - 200 0 0 0
2017-09-06 14:33:02 ::1 GET /api/jobs/987809ad-37f7-41a5-ac53-729e01698cbb - 5455 - ::1 - - 200 0 0 0
2017-09-06 14:33:03 ::1 GET /api/jobs/987809ad-37f7-41a5-ac53-729e01698cbb - 5455 - ::1 - - 200 0 0 0
2017-09-06 14:33:03 ::1 GET /api/jobs/987809ad-37f7-41a5-ac53-729e01698cbb - 5455 - ::1 - - 200 0 0 0
2017-09-06 14:33:04 ::1 POST /api/jobs - 5455 - ::1 - - 200 0 0 0
2017-09-06 14:33:04 ::1 POST /api/jobs - 5455 - ::1 - - 200 0 0 0
2017-09-06 14:33:04 ::1 GET /api/jobs/227435f8-2911-48fd-b204-465d303c96aa - 5455 - ::1 - - 200 0 0 0
2017-09-06 14:33:04 ::1 GET /api/jobs/54717423-de3e-496e-81ae-8f2c8131abc4 - 5455 - ::1 - - 200 0 0 0
2017-09-06 14:33:05 ::1 GET /api/jobs/227435f8-2911-48fd-b204-465d303c96aa - 5455 - ::1 - - 200 0 0 0
2017-09-06 14:33:07 ::1 POST /api/jobs - 5455 - ::1 - - 200 0 0 15
2017-09-06 14:33:07 ::1 GET /api/jobs/aa97e675-1a46-4435-abdb-3ac57865aab7 - 5455 - ::1 - - 200 0 0 0
2017-09-06 14:33:08 ::1 GET /api/jobs/aa97e675-1a46-4435-abdb-3ac57865aab7 - 5455 - ::1 - - 200 0 0 0
2017-09-06 14:33:08 ::1 GET /api/jobs/aa97e675-1a46-4435-abdb-3ac57865aab7 - 5455 - ::1 - - 200 0 0 0
2017-09-06 14:33:09 ::1 GET /api/jobs/aa97e675-1a46-4435-abdb-3ac57865aab7 - 5455 - ::1 - - 200 0 0 0
2017-09-06 14:33:09 ::1 POST /api/jobs - 5455 - ::1 - - 200 0 0 0
2017-09-06 14:33:10 ::1 GET /api/jobs/f9cb0504-9c00-4443-a00c-7e5371d5ea12 - 5455 - ::1 - - 200 0 0 0
2017-09-06 14:33:10 ::1 GET /api/jobs/f9cb0504-9c00-4443-a00c-7e5371d5ea12 - 5455 - ::1 - - 200 0 0 0
2017-09-06 14:33:13 ::1 POST /api/jobs - 5455 - ::1 - - 200 0 0 0
2017-09-06 14:33:13 ::1 GET /api/jobs/dff9b6c1-1a3d-4e1e-88f9-65f39894b8e0 - 5455 - ::1 - - 200 0 0 0
2017-09-06 14:33:14 ::1 GET /api/jobs/dff9b6c1-1a3d-4e1e-88f9-65f39894b8e0 - 5455 - ::1 - - 200 0 0 15
2017-09-06 14:33:20 ::1 POST /api/jobs - 5455 - ::1 - - 200 0 0 0
2017-09-06 14:33:20 ::1 GET /api/jobs/1ac50561-3c6c-4dbd-8a4c-ec930bfacd31 - 5455 - ::1 - - 200 0 0 0
2017-09-06 14:33:21 ::1 GET /api/jobs/1ac50561-3c6c-4dbd-8a4c-ec930bfacd31 - 5455 - ::1 - - 200 0 0 0
2017-09-06 14:33:21 ::1 GET /api/jobs/1ac50561-3c6c-4dbd-8a4c-ec930bfacd31 - 5455 - ::1 - - 200 0 0 0
2017-09-06 14:33:22 ::1 POST /api/jobs - 5455 - ::1 - - 200 0 0 15
2017-09-06 14:33:22 ::1 GET /api/jobs/c5a8b80f-7ca3-4596-8886-2e763edc1d4e - 5455 - ::1 - - 200 0 0 1
2017-09-06 14:33:23 ::1 GET /api/jobs/c5a8b80f-7ca3-4596-8886-2e763edc1d4e - 5455 - ::1 - - 200 0 0 0
2017-09-06 14:33:29 ::1 POST /api/jobs - 5455 - ::1 - - 200 0 0 15
2017-09-06 14:33:31 ::1 GET /api/jobs/edb63a4c-27c7-4388-ad4d-90fca55208e9 - 5455 - ::1 - - 200 0 0 0
2017-09-06 14:33:32 ::1 GET /api/jobs/edb63a4c-27c7-4388-ad4d-90fca55208e9 - 5455 - ::1 - - 200 0 0 0
2017-09-06 14:33:33 ::1 GET /api/jobs/edb63a4c-27c7-4388-ad4d-90fca55208e9 - 5455 - ::1 - - 200 0 0 0
2017-09-06 14:33:34 ::1 GET /api/jobs/edb63a4c-27c7-4388-ad4d-90fca55208e9 - 5455 - ::1 - - 200 0 0 0
2017-09-06 14:33:35 ::1 GET /api/jobs/edb63a4c-27c7-4388-ad4d-90fca55208e9 - 5455 - ::1 - - 200 0 0 0
2017-09-06 14:33:36 ::1 GET /api/jobs/edb63a4c-27c7-4388-ad4d-90fca55208e9 - 5455 - ::1 - - 200 0 0 0
2017-09-06 14:33:37 ::1 GET /api/jobs/edb63a4c-27c7-4388-ad4d-90fca55208e9 - 5455 - ::1 - - 200 0 0 0
2017-09-06 14:33:38 ::1 GET /api/jobs/edb63a4c-27c7-4388-ad4d-90fca55208e9 - 5455 - ::1 - - 200 0 0 0
2017-09-06 14:33:39 ::1 GET /api/jobs/edb63a4c-27c7-4388-ad4d-90fca55208e9 - 5455 - ::1 - - 200 0 0 0
2017-09-06 14:33:40 ::1 GET /api/jobs/edb63a4c-27c7-4388-ad4d-90fca55208e9 - 5455 - ::1 - - 200 0 0 0
2017-09-06 14:33:41 ::1 GET /api/jobs/edb63a4c-27c7-4388-ad4d-90fca55208e9 - 5455 - ::1 - - 200 0 0 0
2017-09-06 14:33:42 ::1 GET /api/jobs/edb63a4c-27c7-4388-ad4d-90fca55208e9 - 5455 - ::1 - - 200 0 0 0
2017-09-06 14:33:43 ::1 GET /api/jobs/edb63a4c-27c7-4388-ad4d-90fca55208e9 - 5455 - ::1 - - 200 0 0 0
2017-09-06 14:33:44 ::1 GET /api/jobs/edb63a4c-27c7-4388-ad4d-90fca55208e9 - 5455 - ::1 - - 200 0 0 0
2017-09-06 14:33:45 ::1 GET /api/jobs/edb63a4c-27c7-4388-ad4d-90fca55208e9 - 5455 - ::1 - - 200 0 0 0
2017-09-06 14:33:46 ::1 GET /api/jobs/edb63a4c-27c7-4388-ad4d-90fca55208e9 - 5455 - ::1 - - 200 0 0 0
2017-09-06 14:33:47 ::1 GET /api/jobs/edb63a4c-27c7-4388-ad4d-90fca55208e9 - 5455 - ::1 - - 200 0 0 0
2017-09-06 14:33:48 ::1 GET /api/jobs/edb63a4c-27c7-4388-ad4d-90fca55208e9 - 5455 - ::1 - - 200 0 0 0
2017-09-06 14:33:49 ::1 GET /api/jobs/edb63a4c-27c7-4388-ad4d-90fca55208e9 - 5455 - ::1 - - 200 0 0 125
2017-09-06 14:33:49 ::1 POST /api/jobs - 5455 - ::1 - - 200 0 0 0
2017-09-06 14:33:49 ::1 GET /api/jobs/2666de44-b799-47ff-b338-866b4527080c - 5455 - ::1 - - 200 0 0 0
2017-09-06 14:33:49 ::1 POST /api/jobs - 5455 - ::1 - - 200 0 0 15
2017-09-06 14:33:51 ::1 GET /api/jobs/298b90a3-f2ba-49c9-9510-40d833db0092 - 5455 - ::1 - - 200 0 0 0
2017-09-06 14:35:14 ::1 POST /api/jobs - 5455 - ::1 - - 200 0 0 0
2017-09-06 14:35:14 ::1 GET /api/jobs/875cb8a9-e89b-426e-8281-a2aad87f5db8 - 5455 - ::1 - - 200 0 0 1
2017-09-06 14:35:15 ::1 GET /api/jobs/875cb8a9-e89b-426e-8281-a2aad87f5db8 - 5455 - ::1 - - 200 0 0 0
2017-09-06 14:35:22 ::1 POST /api/jobs - 5455 - ::1 - - 200 0 0 15
2017-09-06 14:35:22 ::1 GET /api/jobs/1053e71f-a000-4aa3-8ad9-eb9df28f92e3 - 5455 - ::1 - - 200 0 0 0
2017-09-06 14:35:23 ::1 GET /api/jobs/1053e71f-a000-4aa3-8ad9-eb9df28f92e3 - 5455 - ::1 - - 200 0 0 0
2017-09-06 14:35:26 ::1 POST /api/jobs - 5455 - ::1 - - 200 0 0 0
2017-09-06 14:35:26 ::1 GET /api/jobs/8cc6344b-06ae-4cca-909a-282c4290acc3 - 5455 - ::1 - - 200 0 0 0
2017-09-06 14:35:27 ::1 GET /api/jobs/8cc6344b-06ae-4cca-909a-282c4290acc3 - 5455 - ::1 - - 200 0 0 0
2017-09-06 14:35:27 ::1 GET /api/jobs/8cc6344b-06ae-4cca-909a-282c4290acc3 - 5455 - ::1 - - 200 0 0 0
2017-09-06 14:35:28 ::1 GET /api/jobs/8cc6344b-06ae-4cca-909a-282c4290acc3 - 5455 - ::1 - - 200 0 0 0
2017-09-06 14:35:45 ::1 POST /api/jobs - 5455 - ::1 - - 200 0 0 15
2017-09-06 14:35:45 ::1 GET /api/jobs/2838240c-8626-4879-ad61-d831d2905f35 - 5455 - ::1 - - 200 0 0 0
2017-09-06 14:35:46 ::1 GET /api/jobs/2838240c-8626-4879-ad61-d831d2905f35 - 5455 - ::1 - - 200 0 0 0
2017-09-06 14:36:40 ::1 POST /api/jobs - 5455 - ::1 - - 200 0 0 62
2017-09-06 14:36:40 ::1 GET /api/jobs/b98eebb7-c38d-4966-acbc-039e7f0a103c - 5455 - ::1 - - 200 0 0 0
2017-09-06 14:36:41 ::1 GET /api/jobs/b98eebb7-c38d-4966-acbc-039e7f0a103c - 5455 - ::1 - - 200 0 0 0
2017-09-06 14:36:41 ::1 GET /api/jobs/b98eebb7-c38d-4966-acbc-039e7f0a103c - 5455 - ::1 - - 200 0 0 0
2017-09-06 14:36:42 ::1 GET /api/jobs/b98eebb7-c38d-4966-acbc-039e7f0a103c - 5455 - ::1 - - 200 0 0 0
2017-09-06 14:36:42 ::1 GET /api/jobs/b98eebb7-c38d-4966-acbc-039e7f0a103c - 5455 - ::1 - - 200 0 0 0
2017-09-06 14:36:43 ::1 GET /api/jobs/b98eebb7-c38d-4966-acbc-039e7f0a103c - 5455 - ::1 - - 200 0 0 0
2017-09-06 14:36:43 ::1 GET /api/jobs/b98eebb7-c38d-4966-acbc-039e7f0a103c - 5455 - ::1 - - 200 0 0 0
2017-09-06 14:36:44 ::1 GET /api/jobs/b98eebb7-c38d-4966-acbc-039e7f0a103c - 5455 - ::1 - - 200 0 0 0
2017-09-06 14:36:44 ::1 GET /api/jobs/b98eebb7-c38d-4966-acbc-039e7f0a103c - 5455 - ::1 - - 200 0 0 0
2017-09-06 14:39:00 ::1 POST /api/jobs - 5455 - ::1 - - 200 0 0 8
2017-09-06 14:39:00 ::1 GET /api/jobs/70b65292-05fd-4743-940e-b70e2737f49e - 5455 - ::1 - - 200 0 0 0
2017-09-06 14:39:01 ::1 GET /api/jobs/70b65292-05fd-4743-940e-b70e2737f49e - 5455 - ::1 - - 200 0 0 0
2017-09-06 14:39:08 ::1 POST /api/jobs - 5455 - ::1 - - 200 0 0 0
2017-09-06 14:39:08 ::1 GET /api/jobs/8c4cbf52-4736-4eb7-accf-9a1ac9ae25d0 - 5455 - ::1 - - 200 0 0 2
2017-09-06 14:39:17 ::1 POST /api/jobs - 5455 - ::1 - - 200 0 0 15
2017-09-06 14:39:17 ::1 GET /api/jobs/38f9954d-924e-4b9e-b50e-35cdec9abd8f - 5455 - ::1 - - 200 0 0 0
2017-09-06 14:39:21 ::1 POST /api/jobs - 5455 - ::1 - - 200 0 0 0
2017-09-06 14:39:21 ::1 GET /api/jobs/5a1f5b7a-2f38-427b-8f2b-3549dfa8612d - 5455 - ::1 - - 200 0 0 0
2017-09-06 14:39:22 ::1 GET /api/jobs/5a1f5b7a-2f38-427b-8f2b-3549dfa8612d - 5455 - ::1 - - 200 0 0 0
2017-09-06 14:39:27 ::1 POST /api/jobs - 5455 - ::1 - - 200 0 0 15
2017-09-06 14:39:27 ::1 GET /api/jobs/f5633410-b7f3-44ec-ae31-7cfe18c8fb62 - 5455 - ::1 - - 200 0 0 15
2017-09-06 14:39:30 ::1 POST /api/jobs - 5455 - ::1 - - 200 0 0 15
2017-09-06 14:39:30 ::1 GET /api/jobs/2ab427c9-f880-43d6-8408-3ee456f31325 - 5455 - ::1 - - 200 0 0 0
2017-09-06 14:39:31 ::1 GET /api/jobs/2ab427c9-f880-43d6-8408-3ee456f31325 - 5455 - ::1 - - 200 0 0 0
2017-09-06 14:39:34 ::1 POST /api/jobs - 5455 - ::1 - - 200 0 0 0
2017-09-06 14:39:34 ::1 GET /api/jobs/048a9bed-928e-4d0c-b010-476c1c29e2d3 - 5455 - ::1 - - 200 0 0 31
2017-09-06 14:39:51 ::1 POST /api/jobs - 5455 - ::1 - - 200 0 0 0
2017-09-06 14:39:51 ::1 GET /api/jobs/3640419f-066e-41e2-9b7e-b99f25b26bd7 - 5455 - ::1 - - 200 0 0 0
2017-09-06 14:39:52 ::1 GET /api/jobs/3640419f-066e-41e2-9b7e-b99f25b26bd7 - 5455 - ::1 - - 200 0 0 0
2017-09-06 14:39:56 ::1 POST /api/jobs - 5455 - ::1 - - 200 0 0 0
2017-09-06 14:39:56 ::1 GET /api/jobs/5749d7ab-dc14-4778-b3b0-b96f458e9019 - 5455 - ::1 - - 200 0 0 0
2017-09-06 14:39:57 ::1 GET /api/jobs/5749d7ab-dc14-4778-b3b0-b96f458e9019 - 5455 - ::1 - - 200 0 0 0
2017-09-06 14:40:11 ::1 POST /api/jobs - 5455 - ::1 - - 200 0 0 6
2017-09-06 14:40:12 ::1 GET /api/jobs/19efae0e-a80c-47f6-852d-72b8c55b40db - 5455 - ::1 - - 200 0 0 0
2017-09-06 14:40:13 ::1 GET /api/jobs/19efae0e-a80c-47f6-852d-72b8c55b40db - 5455 - ::1 - - 200 0 0 0
2017-09-06 14:40:14 ::1 GET /api/jobs/19efae0e-a80c-47f6-852d-72b8c55b40db - 5455 - ::1 - - 200 0 0 0
2017-09-06 14:40:15 ::1 GET /api/jobs/19efae0e-a80c-47f6-852d-72b8c55b40db - 5455 - ::1 - - 200 0 0 0
2017-09-06 14:40:16 ::1 GET /api/jobs/19efae0e-a80c-47f6-852d-72b8c55b40db - 5455 - ::1 - - 200 0 0 0
2017-09-06 14:40:17 ::1 GET /api/jobs/19efae0e-a80c-47f6-852d-72b8c55b40db - 5455 - ::1 - - 200 0 0 0
2017-09-06 14:40:18 ::1 GET /api/jobs/19efae0e-a80c-47f6-852d-72b8c55b40db - 5455 - ::1 - - 200 0 0 0
2017-09-06 14:40:19 ::1 GET /api/jobs/19efae0e-a80c-47f6-852d-72b8c55b40db - 5455 - ::1 - - 200 0 0 0
2017-09-06 14:40:20 ::1 GET /api/jobs/19efae0e-a80c-47f6-852d-72b8c55b40db - 5455 - ::1 - - 200 0 0 15
2017-09-06 14:40:20 ::1 POST /api/jobs - 5455 - ::1 - - 200 0 0 15
2017-09-06 14:40:20 ::1 GET /api/jobs/2e767e58-8f59-4b27-9c01-7b30d88c4ac0 - 5455 - ::1 - - 200 0 0 0
2017-09-06 14:40:21 ::1 GET /api/jobs/2e767e58-8f59-4b27-9c01-7b30d88c4ac0 - 5455 - ::1 - - 200 0 0 0
2017-09-06 14:40:21 ::1 POST /api/jobs - 5455 - ::1 - - 200 0 0 0
2017-09-06 14:40:22 ::1 GET /api/jobs/bcd3d646-5e60-4f15-a3dc-7b18eb11700d - 5455 - ::1 - - 200 0 0 15
2017-09-06 14:40:47 ::1 POST /api/jobs - 5455 - ::1 - - 200 0 0 15
2017-09-06 14:40:47 ::1 GET /api/jobs/bc632bde-5107-4261-bb69-3372c69f36ef - 5455 - ::1 - - 200 0 0 0
2017-09-06 14:40:48 ::1 GET /api/jobs/bc632bde-5107-4261-bb69-3372c69f36ef - 5455 - ::1 - - 200 0 0 0
2017-09-06 14:40:48 ::1 GET /api/jobs/bc632bde-5107-4261-bb69-3372c69f36ef - 5455 - ::1 - - 200 0 0 0
2017-09-06 14:40:49 ::1 GET /api/jobs/bc632bde-5107-4261-bb69-3372c69f36ef - 5455 - ::1 - - 200 0 0 0
2017-09-06 14:40:49 ::1 GET /api/jobs/bc632bde-5107-4261-bb69-3372c69f36ef - 5455 - ::1 - - 200 0 0 0
2017-09-06 14:40:50 ::1 GET /api/jobs/bc632bde-5107-4261-bb69-3372c69f36ef - 5455 - ::1 - - 200 0 0 0
2017-09-06 14:40:50 ::1 GET /api/jobs/bc632bde-5107-4261-bb69-3372c69f36ef - 5455 - ::1 - - 200 0 0 1
2017-09-06 14:42:43 ::1 POST /api/jobs - 5455 - ::1 - - 200 0 0 15
2017-09-06 14:42:43 ::1 GET /api/jobs/5042556e-3cd1-4e23-8ca4-d7f1e11e591e - 5455 - ::1 - - 200 0 0 40
2017-09-06 14:42:56 ::1 POST /api/jobs - 5455 - ::1 - - 200 0 0 15
2017-09-06 14:42:56 ::1 GET /api/jobs/65624358-3fc7-4ace-ba1f-c0a024ea0a89 - 5455 - ::1 - - 200 0 0 0
2017-09-06 14:42:57 ::1 GET /api/jobs/65624358-3fc7-4ace-ba1f-c0a024ea0a89 - 5455 - ::1 - - 200 0 0 0
2017-09-06 14:42:57 ::1 GET /api/jobs/65624358-3fc7-4ace-ba1f-c0a024ea0a89 - 5455 - ::1 - - 200 0 0 0
2017-09-06 14:42:58 ::1 POST /api/jobs - 5455 - ::1 - - 200 0 0 0
2017-09-06 14:42:58 ::1 GET /api/jobs/8a9fc42d-016e-4c37-a92a-058a7a909a6b - 5455 - ::1 - - 200 0 0 0
2017-09-06 14:42:59 ::1 GET /api/jobs/8a9fc42d-016e-4c37-a92a-058a7a909a6b - 5455 - ::1 - - 200 0 0 0
2017-09-06 14:43:02 ::1 POST /api/jobs - 5455 - ::1 - - 200 0 0 15
2017-09-06 14:43:03 ::1 GET /api/jobs/f18f2ee7-135c-4f6b-a167-318215251f0a - 5455 - ::1 - - 200 0 0 0
2017-09-06 14:43:04 ::1 GET /api/jobs/f18f2ee7-135c-4f6b-a167-318215251f0a - 5455 - ::1 - - 200 0 0 0
2017-09-06 14:43:05 ::1 GET /api/jobs/f18f2ee7-135c-4f6b-a167-318215251f0a - 5455 - ::1 - - 200 0 0 0
2017-09-06 14:43:06 ::1 GET /api/jobs/f18f2ee7-135c-4f6b-a167-318215251f0a - 5455 - ::1 - - 200 0 0 0
2017-09-06 14:43:07 ::1 GET /api/jobs/f18f2ee7-135c-4f6b-a167-318215251f0a - 5455 - ::1 - - 200 0 0 0
2017-09-06 14:43:08 ::1 GET /api/jobs/f18f2ee7-135c-4f6b-a167-318215251f0a - 5455 - ::1 - - 200 0 0 0
2017-09-06 14:43:09 ::1 GET /api/jobs/f18f2ee7-135c-4f6b-a167-318215251f0a - 5455 - ::1 - - 200 0 0 0
2017-09-06 14:43:10 ::1 GET /api/jobs/f18f2ee7-135c-4f6b-a167-318215251f0a - 5455 - ::1 - - 200 0 0 0
2017-09-06 14:43:11 ::1 GET /api/jobs/f18f2ee7-135c-4f6b-a167-318215251f0a - 5455 - ::1 - - 200 0 0 0
2017-09-06 14:43:12 ::1 GET /api/jobs/f18f2ee7-135c-4f6b-a167-318215251f0a - 5455 - ::1 - - 200 0 0 140
2017-09-06 14:43:12 ::1 POST /api/jobs - 5455 - ::1 - - 200 0 0 15
2017-09-06 14:43:12 ::1 GET /api/jobs/eef0db48-1b14-412b-800e-9f9d84c22b07 - 5455 - ::1 - - 200 0 0 0
2017-09-06 14:43:12 ::1 POST /api/jobs - 5455 - ::1 - - 200 0 0 0
2017-09-06 14:43:14 ::1 GET /api/jobs/f403b5b6-4f2c-4955-ac5c-a3b15d9e0956 - 5455 - ::1 - - 200 0 0 0
2017-09-06 14:43:32 ::1 POST /api/jobs - 5455 - ::1 - - 200 0 0 0
2017-09-06 14:43:32 ::1 GET /api/jobs/6c24d8f0-9c46-4f53-9712-0ec4cf0e4d2a - 5455 - ::1 - - 200 0 0 0
2017-09-06 14:43:33 ::1 GET /api/jobs/6c24d8f0-9c46-4f53-9712-0ec4cf0e4d2a - 5455 - ::1 - - 200 0 0 0
2017-09-06 14:43:33 ::1 GET /api/jobs/6c24d8f0-9c46-4f53-9712-0ec4cf0e4d2a - 5455 - ::1 - - 200 0 0 0
2017-09-06 14:43:34 ::1 GET /api/jobs/6c24d8f0-9c46-4f53-9712-0ec4cf0e4d2a - 5455 - ::1 - - 200 0 0 0
2017-09-06 14:43:34 ::1 GET /api/jobs/6c24d8f0-9c46-4f53-9712-0ec4cf0e4d2a - 5455 - ::1 - - 200 0 0 0
2017-09-06 14:43:50 ::1 POST /api/jobs - 5455 - ::1 - - 200 0 0 0
2017-09-06 14:43:50 ::1 GET /api/jobs/182fa691-61ff-412b-a2df-fa636d3712b6 - 5455 - ::1 - - 200 0 0 0
2017-09-06 14:43:51 ::1 GET /api/jobs/182fa691-61ff-412b-a2df-fa636d3712b6 - 5455 - ::1 - - 200 0 0 0
2017-09-06 14:44:12 ::1 POST /api/jobs - 5455 - ::1 - - 200 0 0 46
2017-09-06 14:44:12 ::1 GET /api/jobs/217b5bfe-cc3e-4953-88ae-c0d557c7cc92 - 5455 - ::1 - - 200 0 0 0
2017-09-06 14:44:13 ::1 GET /api/jobs/217b5bfe-cc3e-4953-88ae-c0d557c7cc92 - 5455 - ::1 - - 200 0 0 0
2017-09-06 14:44:13 ::1 GET /api/jobs/217b5bfe-cc3e-4953-88ae-c0d557c7cc92 - 5455 - ::1 - - 200 0 0 0
2017-09-06 14:44:14 ::1 GET /api/jobs/217b5bfe-cc3e-4953-88ae-c0d557c7cc92 - 5455 - ::1 - - 200 0 0 0
2017-09-06 14:44:14 ::1 GET /api/jobs/217b5bfe-cc3e-4953-88ae-c0d557c7cc92 - 5455 - ::1 - - 200 0 0 0
2017-09-06 14:44:15 ::1 GET /api/jobs/217b5bfe-cc3e-4953-88ae-c0d557c7cc92 - 5455 - ::1 - - 200 0 0 0
2017-09-06 14:44:15 ::1 GET /api/jobs/217b5bfe-cc3e-4953-88ae-c0d557c7cc92 - 5455 - ::1 - - 200 0 0 0
2017-09-06 14:44:16 ::1 GET /api/jobs/217b5bfe-cc3e-4953-88ae-c0d557c7cc92 - 5455 - ::1 - - 200 0 0 1
2017-09-06 14:46:34 ::1 POST /api/jobs - 5455 - ::1 - - 200 0 0 15
2017-09-06 14:46:34 ::1 GET /api/jobs/417405cd-0291-4729-acc1-fb24f022a039 - 5455 - ::1 - - 200 0 0 0
2017-09-06 14:46:35 ::1 GET /api/jobs/417405cd-0291-4729-acc1-fb24f022a039 - 5455 - ::1 - - 200 0 0 0
2017-09-06 14:46:39 ::1 POST /api/jobs - 5455 - ::1 - - 200 0 0 15
2017-09-06 14:46:39 ::1 GET /api/jobs/c05f54cc-a671-4034-8b62-f99eeecf4222 - 5455 - ::1 - - 200 0 0 0
2017-09-06 14:46:40 ::1 GET /api/jobs/c05f54cc-a671-4034-8b62-f99eeecf4222 - 5455 - ::1 - - 200 0 0 0
2017-09-06 14:46:42 ::1 POST /api/jobs - 5455 - ::1 - - 200 0 0 15
2017-09-06 14:46:43 ::1 GET /api/jobs/f72eb3df-167d-4588-9946-cc1ec06b14e0 - 5455 - ::1 - - 200 0 0 0
2017-09-06 14:46:44 ::1 GET /api/jobs/f72eb3df-167d-4588-9946-cc1ec06b14e0 - 5455 - ::1 - - 200 0 0 0
2017-09-06 14:46:45 ::1 GET /api/jobs/f72eb3df-167d-4588-9946-cc1ec06b14e0 - 5455 - ::1 - - 200 0 0 0
2017-09-06 14:46:46 ::1 GET /api/jobs/f72eb3df-167d-4588-9946-cc1ec06b14e0 - 5455 - ::1 - - 200 0 0 0
2017-09-06 14:46:47 ::1 GET /api/jobs/f72eb3df-167d-4588-9946-cc1ec06b14e0 - 5455 - ::1 - - 200 0 0 0
2017-09-06 14:46:48 ::1 GET /api/jobs/f72eb3df-167d-4588-9946-cc1ec06b14e0 - 5455 - ::1 - - 200 0 0 0
2017-09-06 14:46:49 ::1 GET /api/jobs/f72eb3df-167d-4588-9946-cc1ec06b14e0 - 5455 - ::1 - - 200 0 0 0
2017-09-06 14:46:51 ::1 GET /api/jobs/f72eb3df-167d-4588-9946-cc1ec06b14e0 - 5455 - ::1 - - 200 0 0 15
2017-09-06 14:46:51 ::1 POST /api/jobs - 5455 - ::1 - - 200 0 0 0
2017-09-06 14:46:51 ::1 GET /api/jobs/bcf9aa6e-bcbb-4863-b41a-98ef1dd0bb52 - 5455 - ::1 - - 200 0 0 0
2017-09-06 14:46:52 ::1 GET /api/jobs/bcf9aa6e-bcbb-4863-b41a-98ef1dd0bb52 - 5455 - ::1 - - 200 0 0 0
2017-09-06 14:46:52 ::1 POST /api/jobs - 5455 - ::1 - - 200 0 0 0
2017-09-06 14:46:53 ::1 GET /api/jobs/3a4e92b1-f0f8-4cce-a4f5-bdbcf951cf69 - 5455 - ::1 - - 200 0 0 0
2017-09-06 14:47:49 ::1 POST /api/jobs - 5455 - ::1 - - 200 0 0 15
2017-09-06 14:47:49 ::1 GET /api/jobs/de0761ff-5e28-4ec3-b45b-728b8ccf52ca - 5455 - ::1 - - 200 0 0 0
2017-09-06 14:48:08 ::1 POST /api/jobs - 5455 - ::1 - - 200 0 0 15
2017-09-06 14:48:08 ::1 GET /api/jobs/ec403690-0846-42ab-affa-5af4ef46322f - 5455 - ::1 - - 200 0 0 0
2017-09-06 14:48:09 ::1 GET /api/jobs/ec403690-0846-42ab-affa-5af4ef46322f - 5455 - ::1 - - 200 0 0 0
2017-09-06 14:48:24 ::1 POST /api/jobs - 5455 - ::1 - - 200 0 0 15
2017-09-06 14:48:24 ::1 GET /api/jobs/5ef48901-2598-48c3-949f-6cc2773f5f72 - 5455 - ::1 - - 200 0 0 0
2017-09-06 14:48:25 ::1 GET /api/jobs/5ef48901-2598-48c3-949f-6cc2773f5f72 - 5455 - ::1 - - 200 0 0 0
2017-09-06 14:48:35 ::1 POST /api/jobs - 5455 - ::1 - - 200 0 0 0
2017-09-06 14:48:35 ::1 GET /api/jobs/44fa3be1-027c-4d4a-8588-55493bd964a2 - 5455 - ::1 - - 200 0 0 0
2017-09-06 14:48:36 ::1 GET /api/jobs/44fa3be1-027c-4d4a-8588-55493bd964a2 - 5455 - ::1 - - 200 0 0 0
2017-09-06 14:48:53 ::1 POST /api/jobs - 5455 - ::1 - - 200 0 0 15
2017-09-06 14:48:53 ::1 GET /api/jobs/6d3ba6d8-6a50-41b1-adf8-89cce139b7be - 5455 - ::1 - - 200 0 0 1
2017-09-06 14:48:54 ::1 GET /api/jobs/6d3ba6d8-6a50-41b1-adf8-89cce139b7be - 5455 - ::1 - - 200 0 0 0
2017-09-06 14:48:54 ::1 GET /api/jobs/6d3ba6d8-6a50-41b1-adf8-89cce139b7be - 5455 - ::1 - - 200 0 0 0
2017-09-06 14:48:55 ::1 GET /api/jobs/6d3ba6d8-6a50-41b1-adf8-89cce139b7be - 5455 - ::1 - - 200 0 0 0
2017-09-06 14:48:55 ::1 GET /api/jobs/6d3ba6d8-6a50-41b1-adf8-89cce139b7be - 5455 - ::1 - - 200 0 0 0
2017-09-06 14:48:56 ::1 GET /api/jobs/6d3ba6d8-6a50-41b1-adf8-89cce139b7be - 5455 - ::1 - - 200 0 0 0
2017-09-06 14:48:56 ::1 GET /api/jobs/6d3ba6d8-6a50-41b1-adf8-89cce139b7be - 5455 - ::1 - - 200 0 0 0
2017-09-06 14:49:02 ::1 POST /api/jobs - 5455 - ::1 - - 200 0 0 0
2017-09-06 14:49:03 ::1 GET /api/jobs/55cb313a-b9a6-4f3e-8b4b-95dda22cc4e3 - 5455 - ::1 - - 200 0 0 0
2017-09-06 14:49:17 ::1 POST /api/jobs - 5455 - ::1 - - 200 0 0 0
2017-09-06 14:49:18 ::1 GET /api/jobs/929bd000-009c-448a-b477-afc2927c1803 - 5455 - ::1 - - 200 0 0 0
2017-09-06 14:49:30 ::1 POST /api/jobs - 5455 - ::1 - - 200 0 0 0
2017-09-06 14:49:31 ::1 GET /api/jobs/7c35e812-2e79-4195-9e40-eb32664a63cd - 5455 - ::1 - - 200 0 0 0
2017-09-06 14:49:40 ::1 POST /api/jobs - 5455 - ::1 - - 200 0 0 0
2017-09-06 14:49:41 ::1 GET /api/jobs/c74f4b5c-e4ad-4793-a5c4-6e34da9da156 - 5455 - ::1 - - 200 0 0 0
2017-09-06 14:49:42 ::1 POST /api/jobs - 5455 - ::1 - - 200 0 0 0
2017-09-06 14:49:43 ::1 GET /api/jobs/1be5fd7b-eac2-4a90-a9d1-87beeeca2f9d - 5455 - ::1 - - 200 0 0 0
2017-09-06 14:50:33 ::1 POST /api/jobs - 5455 - ::1 - - 200 0 0 0
2017-09-06 14:50:34 ::1 GET /api/jobs/547eeefa-5564-4691-8367-cbf1f36fec49 - 5455 - ::1 - - 200 0 0 0
2017-09-06 14:52:40 ::1 POST /api/jobs - 5455 - ::1 - - 200 0 0 19
2017-09-06 14:52:41 ::1 GET /api/jobs/0e5d4404-60ed-4f8f-9e9f-957f7336e63d - 5455 - ::1 - - 200 0 0 15
2017-09-06 14:53:51 ::1 POST /api/jobs - 5455 - ::1 - - 200 0 0 0
2017-09-06 14:53:52 ::1 GET /api/jobs/d322b953-a6e3-470a-918b-bb6430d187cf - 5455 - ::1 - - 200 0 0 0
2017-09-06 14:53:53 ::1 GET /api/jobs/d322b953-a6e3-470a-918b-bb6430d187cf - 5455 - ::1 - - 200 0 0 0
2017-09-06 14:53:54 ::1 GET /api/jobs/d322b953-a6e3-470a-918b-bb6430d187cf - 5455 - ::1 - - 200 0 0 0
2017-09-06 14:53:55 ::1 GET /api/jobs/d322b953-a6e3-470a-918b-bb6430d187cf - 5455 - ::1 - - 200 0 0 0
2017-09-06 14:53:56 ::1 GET /api/jobs/d322b953-a6e3-470a-918b-bb6430d187cf - 5455 - ::1 - - 200 0 0 0
2017-09-06 14:53:57 ::1 GET /api/jobs/d322b953-a6e3-470a-918b-bb6430d187cf - 5455 - ::1 - - 200 0 0 0
2017-09-06 14:53:58 ::1 GET /api/jobs/d322b953-a6e3-470a-918b-bb6430d187cf - 5455 - ::1 - - 200 0 0 0
2017-09-06 14:53:59 ::1 GET /api/jobs/d322b953-a6e3-470a-918b-bb6430d187cf - 5455 - ::1 - - 200 0 0 0
2017-09-06 14:54:00 ::1 GET /api/jobs/d322b953-a6e3-470a-918b-bb6430d187cf - 5455 - ::1 - - 200 0 0 0
2017-09-06 14:54:01 ::1 GET /api/jobs/d322b953-a6e3-470a-918b-bb6430d187cf - 5455 - ::1 - - 200 0 0 140
2017-09-06 14:54:01 ::1 POST /api/jobs - 5455 - ::1 - - 200 0 0 15
2017-09-06 14:54:01 ::1 GET /api/jobs/c7ec9646-9d58-47a8-88e9-65f796cf6d6c - 5455 - ::1 - - 200 0 0 0
2017-09-06 14:54:01 ::1 POST /api/jobs - 5455 - ::1 - - 200 0 0 0
2017-09-06 14:54:03 ::1 GET /api/jobs/e05f449e-bc10-41be-8c30-4bc7be733c28 - 5455 - ::1 - - 200 0 0 0
2017-09-06 14:54:14 ::1 POST /api/jobs - 5455 - ::1 - - 200 0 0 0
2017-09-06 14:54:15 ::1 GET /api/jobs/76d8f0ce-b2a1-47ed-a0f3-c25ccc1d86b2 - 5455 - ::1 - - 200 0 0 0
2017-09-06 14:54:54 ::1 POST /api/jobs - 5455 - ::1 - - 200 0 0 0
2017-09-06 14:54:55 ::1 GET /api/jobs/3a94c887-2a00-474f-b56f-af24ef9e9197 - 5455 - ::1 - - 200 0 0 15
2017-09-06 14:54:55 ::1 POST /api/jobs - 5455 - ::1 - - 200 0 0 0
2017-09-06 14:54:56 ::1 GET /api/jobs/1c3a3497-c88f-4d4a-9705-b0c9e008970d - 5455 - ::1 - - 200 0 0 15
2017-09-06 14:54:56 ::1 POST /api/jobs - 5455 - ::1 - - 200 0 0 15
2017-09-06 14:54:56 ::1 GET /api/jobs/aed1fa8e-8471-4bf2-855f-c30bd04dc8b9 - 5455 - ::1 - - 200 0 0 0
2017-09-06 14:54:56 ::1 POST /api/jobs - 5455 - ::1 - - 200 0 0 0
2017-09-06 14:54:58 ::1 GET /api/jobs/98a114fd-b695-4fc5-bca7-3f7760020ca5 - 5455 - ::1 - - 200 0 0 0
2017-09-06 14:54:58 ::1 POST /api/jobs - 5455 - ::1 - - 200 0 0 15
2017-09-06 14:54:58 ::1 GET /api/jobs/c9ec0621-1620-4b7f-ba5e-87d0fbcf475c - 5455 - ::1 - - 200 0 0 0
2017-09-06 14:54:59 ::1 GET /api/jobs/c9ec0621-1620-4b7f-ba5e-87d0fbcf475c - 5455 - ::1 - - 200 0 0 0
2017-09-06 14:54:59 ::1 POST /api/jobs - 5455 - ::1 - - 200 0 0 15
2017-09-06 14:54:59 ::1 GET /api/jobs/fa234124-8bd1-4a65-9296-266ee22443a7 - 5455 - ::1 - - 200 0 0 0
2017-09-06 14:55:09 ::1 POST /api/jobs - 5455 - ::1 - - 200 0 0 15
2017-09-06 14:55:09 ::1 GET /api/jobs/987809ad-37f7-41a5-ac53-729e01698cbb - 5455 - ::1 - - 200 0 0 0
2017-09-06 14:55:10 ::1 POST /api/jobs - 5455 - ::1 - - 200 0 0 0
2017-09-06 14:55:10 ::1 GET /api/jobs/227435f8-2911-48fd-b204-465d303c96aa - 5455 - ::1 - - 200 0 0 0
2017-09-06 14:55:13 ::1 POST /api/jobs - 5455 - ::1 - - 200 0 0 0
2017-09-06 14:55:13 ::1 GET /api/jobs/aa94d3a3-fcd6-4037-8ff2-09b7106f65cd - 5455 - ::1 - - 200 0 0 0
2017-09-06 14:55:17 ::1 POST /api/jobs - 5455 - ::1 - - 200 0 0 0
2017-09-06 14:55:17 ::1 GET /api/jobs/aa97e675-1a46-4435-abdb-3ac57865aab7 - 5455 - ::1 - - 200 0 0 0
2017-09-06 14:55:18 ::1 POST /api/jobs - 5455 - ::1 - - 200 0 0 0
2017-09-06 14:55:18 ::1 GET /api/jobs/f9cb0504-9c00-4443-a00c-7e5371d5ea12 - 5455 - ::1 - - 200 0 0 0
2017-09-06 14:55:21 ::1 POST /api/jobs - 5455 - ::1 - - 200 0 0 15
2017-09-06 14:55:21 ::1 GET /api/jobs/333bf9e4-6568-4614-82e1-57c0754077ee - 5455 - ::1 - - 200 0 0 31
2017-09-06 14:55:27 ::1 POST /api/jobs - 5455 - ::1 - - 200 0 0 0
2017-09-06 14:55:27 ::1 GET /api/jobs/1ac50561-3c6c-4dbd-8a4c-ec930bfacd31 - 5455 - ::1 - - 200 0 0 0
2017-09-06 14:55:28 ::1 POST /api/jobs - 5455 - ::1 - - 200 0 0 0
2017-09-06 14:55:28 ::1 GET /api/jobs/c5a8b80f-7ca3-4596-8886-2e763edc1d4e - 5455 - ::1 - - 200 0 0 0
2017-09-06 14:55:33 ::1 POST /api/jobs - 5455 - ::1 - - 200 0 0 0
2017-09-06 14:55:33 ::1 GET /api/jobs/6c2dbdd8-71ac-48a4-9a38-d3579381c13e - 5455 - ::1 - - 200 0 0 0
2017-09-06 14:55:34 ::1 GET /api/jobs/6c2dbdd8-71ac-48a4-9a38-d3579381c13e - 5455 - ::1 - - 200 0 0 1
2017-09-06 14:55:34 ::1 GET /api/jobs/6c2dbdd8-71ac-48a4-9a38-d3579381c13e - 5455 - ::1 - - 200 0 0 0
2017-09-06 14:55:35 ::1 POST /api/jobs - 5455 - ::1 - - 200 0 0 15
2017-09-06 14:55:35 ::1 GET /api/jobs/2d6a1a62-4777-4cb9-a238-7e0fb2ee1e5a - 5455 - ::1 - - 200 0 0 0
2017-09-06 14:55:36 ::1 GET /api/jobs/2d6a1a62-4777-4cb9-a238-7e0fb2ee1e5a - 5455 - ::1 - - 200 0 0 0
2017-09-06 14:55:40 ::1 POST /api/jobs - 5455 - ::1 - - 200 0 0 0
2017-09-06 14:55:41 ::1 GET /api/jobs/62b761d0-a053-4f45-aaad-ddd66e10b780 - 5455 - ::1 - - 200 0 0 0
2017-09-06 14:55:42 ::1 GET /api/jobs/62b761d0-a053-4f45-aaad-ddd66e10b780 - 5455 - ::1 - - 200 0 0 0
2017-09-06 14:55:43 ::1 GET /api/jobs/62b761d0-a053-4f45-aaad-ddd66e10b780 - 5455 - ::1 - - 200 0 0 0
2017-09-06 14:55:44 ::1 GET /api/jobs/62b761d0-a053-4f45-aaad-ddd66e10b780 - 5455 - ::1 - - 200 0 0 0
2017-09-06 14:55:45 ::1 GET /api/jobs/62b761d0-a053-4f45-aaad-ddd66e10b780 - 5455 - ::1 - - 200 0 0 0
2017-09-06 14:55:46 ::1 GET /api/jobs/62b761d0-a053-4f45-aaad-ddd66e10b780 - 5455 - ::1 - - 200 0 0 0
2017-09-06 14:55:47 ::1 GET /api/jobs/62b761d0-a053-4f45-aaad-ddd66e10b780 - 5455 - ::1 - - 200 0 0 0
2017-09-06 14:55:48 ::1 GET /api/jobs/62b761d0-a053-4f45-aaad-ddd66e10b780 - 5455 - ::1 - - 200 0 0 0
2017-09-06 14:55:49 ::1 GET /api/jobs/62b761d0-a053-4f45-aaad-ddd66e10b780 - 5455 - ::1 - - 200 0 0 0
2017-09-06 14:55:50 ::1 GET /api/jobs/62b761d0-a053-4f45-aaad-ddd66e10b780 - 5455 - ::1 - - 200 0 0 140
2017-09-06 14:55:50 ::1 POST /api/jobs - 5455 - ::1 - - 200 0 0 0
2017-09-06 14:55:50 ::1 GET /api/jobs/e9f18a25-6d2a-41c3-b829-6b796ed1bac4 - 5455 - ::1 - - 200 0 0 0
2017-09-06 14:55:51 ::1 GET /api/jobs/e9f18a25-6d2a-41c3-b829-6b796ed1bac4 - 5455 - ::1 - - 200 0 0 0
2017-09-06 14:55:51 ::1 POST /api/jobs - 5455 - ::1 - - 200 0 0 0
2017-09-06 14:55:52 ::1 GET /api/jobs/23d7c108-4cf7-4622-bfaa-9ee82f7d8f35 - 5455 - ::1 - - 200 0 0 0
2017-09-06 14:56:03 ::1 POST /api/jobs - 5455 - ::1 - - 200 0 0 15
2017-09-06 14:56:03 ::1 GET /api/jobs/6f86cf96-d1b9-47bf-b064-d8f87be8d960 - 5455 - ::1 - - 200 0 0 0
2017-09-06 14:56:04 ::1 GET /api/jobs/6f86cf96-d1b9-47bf-b064-d8f87be8d960 - 5455 - ::1 - - 200 0 0 0
2017-09-06 14:56:04 ::1 GET /api/jobs/6f86cf96-d1b9-47bf-b064-d8f87be8d960 - 5455 - ::1 - - 200 0 0 0
2017-09-06 14:56:26 ::1 POST /api/jobs - 5455 - ::1 - - 200 0 0 15
2017-09-06 14:56:27 ::1 GET /api/jobs/bcd24095-9911-4755-9a6d-51f7f4a6c221 - 5455 - ::1 - - 200 0 0 0
2017-09-06 14:56:33 ::1 POST /api/jobs - 5455 - ::1 - - 200 0 0 0
2017-09-06 14:56:34 ::1 GET /api/jobs/fef72ee4-7859-4ef0-943f-236a663e6187 - 5455 - ::1 - - 200 0 0 0
2017-09-06 15:04:57 ::1 POST /api/jobs - 5455 - ::1 - - 200 0 0 46
2017-09-06 15:04:58 ::1 GET /api/jobs/5143299a-bcc6-41f7-b50b-495958203ad7 - 5455 - ::1 - - 200 0 0 0
2017-09-06 15:04:59 ::1 GET /api/jobs/5143299a-bcc6-41f7-b50b-495958203ad7 - 5455 - ::1 - - 200 0 0 15
2017-09-06 15:05:00 ::1 GET /api/jobs/5143299a-bcc6-41f7-b50b-495958203ad7 - 5455 - ::1 - - 200 0 0 0
2017-09-06 15:05:01 ::1 GET /api/jobs/5143299a-bcc6-41f7-b50b-495958203ad7 - 5455 - ::1 - - 200 0 0 0
2017-09-06 15:05:02 ::1 GET /api/jobs/5143299a-bcc6-41f7-b50b-495958203ad7 - 5455 - ::1 - - 200 0 0 0
2017-09-06 15:05:03 ::1 GET /api/jobs/5143299a-bcc6-41f7-b50b-495958203ad7 - 5455 - ::1 - - 200 0 0 15
2017-09-06 15:05:04 ::1 GET /api/jobs/5143299a-bcc6-41f7-b50b-495958203ad7 - 5455 - ::1 - - 200 0 0 15
2017-09-06 15:05:05 ::1 GET /api/jobs/5143299a-bcc6-41f7-b50b-495958203ad7 - 5455 - ::1 - - 200 0 0 0
2017-09-06 15:05:06 ::1 GET /api/jobs/5143299a-bcc6-41f7-b50b-495958203ad7 - 5455 - ::1 - - 200 0 0 0
2017-09-06 15:05:07 ::1 GET /api/jobs/5143299a-bcc6-41f7-b50b-495958203ad7 - 5455 - ::1 - - 200 0 0 0
2017-09-06 15:05:08 ::1 GET /api/jobs/5143299a-bcc6-41f7-b50b-495958203ad7 - 5455 - ::1 - - 200 0 0 0
2017-09-06 15:05:09 ::1 GET /api/jobs/5143299a-bcc6-41f7-b50b-495958203ad7 - 5455 - ::1 - - 200 0 0 0
2017-09-06 15:05:10 ::1 GET /api/jobs/5143299a-bcc6-41f7-b50b-495958203ad7 - 5455 - ::1 - - 200 0 0 15
2017-09-06 15:05:11 ::1 GET /api/jobs/5143299a-bcc6-41f7-b50b-495958203ad7 - 5455 - ::1 - - 200 0 0 0
2017-09-06 15:05:12 ::1 GET /api/jobs/5143299a-bcc6-41f7-b50b-495958203ad7 - 5455 - ::1 - - 200 0 0 0
2017-09-06 15:05:13 ::1 GET /api/jobs/5143299a-bcc6-41f7-b50b-495958203ad7 - 5455 - ::1 - - 200 0 0 0
2017-09-06 15:05:14 ::1 GET /api/jobs/5143299a-bcc6-41f7-b50b-495958203ad7 - 5455 - ::1 - - 200 0 0 0
2017-09-06 15:05:15 ::1 GET /api/jobs/5143299a-bcc6-41f7-b50b-495958203ad7 - 5455 - ::1 - - 200 0 0 0
2017-09-06 15:05:16 ::1 GET /api/jobs/5143299a-bcc6-41f7-b50b-495958203ad7 - 5455 - ::1 - - 200 0 0 0
2017-09-06 15:05:17 ::1 GET /api/jobs/5143299a-bcc6-41f7-b50b-495958203ad7 - 5455 - ::1 - - 200 0 0 0
2017-09-06 15:05:29 ::1 POST /api/jobs - 5455 - ::1 - - 200 0 0 0
2017-09-06 15:05:30 ::1 GET /api/jobs/84bed05c-066d-425e-9248-d8cd5480daea - 5455 - ::1 - - 200 0 0 0
2017-09-06 15:05:31 ::1 GET /api/jobs/84bed05c-066d-425e-9248-d8cd5480daea - 5455 - ::1 - - 200 0 0 0
2017-09-06 15:05:32 ::1 GET /api/jobs/84bed05c-066d-425e-9248-d8cd5480daea - 5455 - ::1 - - 200 0 0 0
2017-09-06 15:05:33 ::1 GET /api/jobs/84bed05c-066d-425e-9248-d8cd5480daea - 5455 - ::1 - - 200 0 0 0
2017-09-06 15:05:34 ::1 GET /api/jobs/84bed05c-066d-425e-9248-d8cd5480daea - 5455 - ::1 - - 200 0 0 0
2017-09-06 15:05:35 ::1 GET /api/jobs/84bed05c-066d-425e-9248-d8cd5480daea - 5455 - ::1 - - 200 0 0 0
2017-09-06 15:05:36 ::1 GET /api/jobs/84bed05c-066d-425e-9248-d8cd5480daea - 5455 - ::1 - - 200 0 0 0
2017-09-06 15:05:37 ::1 GET /api/jobs/84bed05c-066d-425e-9248-d8cd5480daea - 5455 - ::1 - - 200 0 0 0
2017-09-06 15:05:38 ::1 GET /api/jobs/84bed05c-066d-425e-9248-d8cd5480daea - 5455 - ::1 - - 200 0 0 0
2017-09-06 15:05:39 ::1 GET /api/jobs/84bed05c-066d-425e-9248-d8cd5480daea - 5455 - ::1 - - 200 0 0 0
2017-09-06 15:05:51 ::1 POST /api/jobs - 5455 - ::1 - - 200 0 0 0
2017-09-06 15:05:52 ::1 GET /api/jobs/f70ead3e-bd8b-4279-bfda-4f78be988b66 - 5455 - ::1 - - 200 0 0 0
2017-09-06 15:05:53 ::1 GET /api/jobs/f70ead3e-bd8b-4279-bfda-4f78be988b66 - 5455 - ::1 - - 200 0 0 0
2017-09-06 15:05:54 ::1 GET /api/jobs/f70ead3e-bd8b-4279-bfda-4f78be988b66 - 5455 - ::1 - - 200 0 0 0
2017-09-06 15:05:56 ::1 GET /api/jobs/f70ead3e-bd8b-4279-bfda-4f78be988b66 - 5455 - ::1 - - 200 0 0 15
2017-09-06 15:05:57 ::1 GET /api/jobs/f70ead3e-bd8b-4279-bfda-4f78be988b66 - 5455 - ::1 - - 200 0 0 0
2017-09-06 15:05:58 ::1 GET /api/jobs/f70ead3e-bd8b-4279-bfda-4f78be988b66 - 5455 - ::1 - - 200 0 0 0
2017-09-06 15:05:59 ::1 GET /api/jobs/f70ead3e-bd8b-4279-bfda-4f78be988b66 - 5455 - ::1 - - 200 0 0 0
2017-09-06 15:06:00 ::1 GET /api/jobs/f70ead3e-bd8b-4279-bfda-4f78be988b66 - 5455 - ::1 - - 200 0 0 0
2017-09-06 15:06:01 ::1 GET /api/jobs/f70ead3e-bd8b-4279-bfda-4f78be988b66 - 5455 - ::1 - - 200 0 0 0
2017-09-06 15:06:02 ::1 GET /api/jobs/f70ead3e-bd8b-4279-bfda-4f78be988b66 - 5455 - ::1 - - 200 0 0 0
2017-09-06 15:06:03 ::1 GET /api/jobs/f70ead3e-bd8b-4279-bfda-4f78be988b66 - 5455 - ::1 - - 200 0 0 0
2017-09-06 15:06:04 ::1 GET /api/jobs/f70ead3e-bd8b-4279-bfda-4f78be988b66 - 5455 - ::1 - - 200 0 0 0
2017-09-06 15:06:05 ::1 GET /api/jobs/f70ead3e-bd8b-4279-bfda-4f78be988b66 - 5455 - ::1 - - 200 0 0 0
2017-09-06 15:06:06 ::1 GET /api/jobs/f70ead3e-bd8b-4279-bfda-4f78be988b66 - 5455 - ::1 - - 200 0 0 0
2017-09-06 15:06:07 ::1 GET /api/jobs/f70ead3e-bd8b-4279-bfda-4f78be988b66 - 5455 - ::1 - - 200 0 0 0
2017-09-06 15:07:25 ::1 POST /api/jobs - 5455 - ::1 - - 200 0 0 0
2017-09-06 15:07:26 ::1 GET /api/jobs/3a94c887-2a00-474f-b56f-af24ef9e9197 - 5455 - ::1 - - 200 0 0 15
2017-09-06 15:07:26 ::1 POST /api/jobs - 5455 - ::1 - - 200 0 0 0
2017-09-06 15:07:27 ::1 GET /api/jobs/1c3a3497-c88f-4d4a-9705-b0c9e008970d - 5455 - ::1 - - 200 0 0 15
2017-09-06 15:07:27 ::1 POST /api/jobs - 5455 - ::1 - - 200 0 0 0
2017-09-06 15:07:27 ::1 GET /api/jobs/aed1fa8e-8471-4bf2-855f-c30bd04dc8b9 - 5455 - ::1 - - 200 0 0 0
2017-09-06 15:07:27 ::1 POST /api/jobs - 5455 - ::1 - - 200 0 0 0
2017-09-06 15:07:28 ::1 GET /api/jobs/98a114fd-b695-4fc5-bca7-3f7760020ca5 - 5455 - ::1 - - 200 0 0 0
2017-09-06 15:07:28 ::1 POST /api/jobs - 5455 - ::1 - - 200 0 0 15
2017-09-06 15:07:28 ::1 GET /api/jobs/c9ec0621-1620-4b7f-ba5e-87d0fbcf475c - 5455 - ::1 - - 200 0 0 0
2017-09-06 15:07:28 ::1 POST /api/jobs - 5455 - ::1 - - 200 0 0 15
2017-09-06 15:07:29 ::1 GET /api/jobs/02670438-c5c8-43f7-aaf7-13e26f5f2c9c - 5455 - ::1 - - 200 0 0 0
2017-09-06 15:07:36 ::1 POST /api/jobs - 5455 - ::1 - - 200 0 0 0
2017-09-06 15:07:36 ::1 GET /api/jobs/5012135f-8d59-4e42-8f70-c3c498f0dc48 - 5455 - ::1 - - 200 0 0 0
2017-09-06 15:07:37 ::1 GET /api/jobs/5012135f-8d59-4e42-8f70-c3c498f0dc48 - 5455 - ::1 - - 200 0 0 0
2017-09-06 15:07:37 ::1 GET /api/jobs/5012135f-8d59-4e42-8f70-c3c498f0dc48 - 5455 - ::1 - - 200 0 0 0
2017-09-06 15:07:38 ::1 POST /api/jobs - 5455 - ::1 - - 200 0 0 15
2017-09-06 15:07:38 ::1 GET /api/jobs/a70d992f-2313-499d-8ab1-2052c085cbd9 - 5455 - ::1 - - 200 0 0 0
2017-09-06 15:07:39 ::1 GET /api/jobs/a70d992f-2313-499d-8ab1-2052c085cbd9 - 5455 - ::1 - - 200 0 0 0
2017-09-06 15:07:39 ::1 GET /api/jobs/a70d992f-2313-499d-8ab1-2052c085cbd9 - 5455 - ::1 - - 200 0 0 0
2017-09-06 15:07:43 ::1 POST /api/jobs - 5455 - ::1 - - 200 0 0 0
2017-09-06 15:07:43 ::1 GET /api/jobs/987809ad-37f7-41a5-ac53-729e01698cbb - 5455 - ::1 - - 200 0 0 0
2017-09-06 15:07:44 ::1 POST /api/jobs - 5455 - ::1 - - 200 0 0 0
2017-09-06 15:07:44 ::1 GET /api/jobs/227435f8-2911-48fd-b204-465d303c96aa - 5455 - ::1 - - 200 0 0 0
2017-09-06 15:07:46 ::1 POST /api/jobs - 5455 - ::1 - - 200 0 0 15
2017-09-06 15:07:46 ::1 GET /api/jobs/d1549d63-5231-4a0b-8ce6-6194dd01c0b4 - 5455 - ::1 - - 200 0 0 0
2017-09-06 15:07:49 ::1 POST /api/jobs - 5455 - ::1 - - 200 0 0 0
2017-09-06 15:07:49 ::1 GET /api/jobs/aa97e675-1a46-4435-abdb-3ac57865aab7 - 5455 - ::1 - - 200 0 0 0
2017-09-06 15:07:50 ::1 POST /api/jobs - 5455 - ::1 - - 200 0 0 0
2017-09-06 15:07:50 ::1 GET /api/jobs/f9cb0504-9c00-4443-a00c-7e5371d5ea12 - 5455 - ::1 - - 200 0 0 0
2017-09-06 15:07:56 ::1 POST /api/jobs - 5455 - ::1 - - 200 0 0 0
2017-09-06 15:07:56 ::1 GET /api/jobs/7adc62b6-9e66-4fdc-8bc9-c6cd381e253f - 5455 - ::1 - - 200 0 0 31
2017-09-06 15:08:01 ::1 POST /api/jobs - 5455 - ::1 - - 200 0 0 0
2017-09-06 15:08:01 ::1 GET /api/jobs/1ac50561-3c6c-4dbd-8a4c-ec930bfacd31 - 5455 - ::1 - - 200 0 0 0
2017-09-06 15:08:02 ::1 POST /api/jobs - 5455 - ::1 - - 200 0 0 0
2017-09-06 15:08:02 ::1 GET /api/jobs/c5a8b80f-7ca3-4596-8886-2e763edc1d4e - 5455 - ::1 - - 200 0 0 0
2017-09-06 15:08:05 ::1 POST /api/jobs - 5455 - ::1 - - 200 0 0 0
2017-09-06 15:08:05 ::1 GET /api/jobs/6c2dbdd8-71ac-48a4-9a38-d3579381c13e - 5455 - ::1 - - 200 0 0 0
2017-09-06 15:08:06 ::1 POST /api/jobs - 5455 - ::1 - - 200 0 0 15
2017-09-06 15:08:06 ::1 GET /api/jobs/2d6a1a62-4777-4cb9-a238-7e0fb2ee1e5a - 5455 - ::1 - - 200 0 0 0
2017-09-06 15:08:10 ::1 POST /api/jobs - 5455 - ::1 - - 200 0 0 15
2017-09-06 15:08:11 ::1 GET /api/jobs/26ad5c7a-845f-4e9f-818f-c69ebd8b589e - 5455 - ::1 - - 200 0 0 0
2017-09-06 15:08:12 ::1 GET /api/jobs/26ad5c7a-845f-4e9f-818f-c69ebd8b589e - 5455 - ::1 - - 200 0 0 0
2017-09-06 15:08:13 ::1 GET /api/jobs/26ad5c7a-845f-4e9f-818f-c69ebd8b589e - 5455 - ::1 - - 200 0 0 0
2017-09-06 15:08:14 ::1 GET /api/jobs/26ad5c7a-845f-4e9f-818f-c69ebd8b589e - 5455 - ::1 - - 200 0 0 0
2017-09-06 15:08:15 ::1 GET /api/jobs/26ad5c7a-845f-4e9f-818f-c69ebd8b589e - 5455 - ::1 - - 200 0 0 0
2017-09-06 15:08:16 ::1 GET /api/jobs/26ad5c7a-845f-4e9f-818f-c69ebd8b589e - 5455 - ::1 - - 200 0 0 0
2017-09-06 15:08:17 ::1 GET /api/jobs/26ad5c7a-845f-4e9f-818f-c69ebd8b589e - 5455 - ::1 - - 200 0 0 0
2017-09-06 15:08:18 ::1 GET /api/jobs/26ad5c7a-845f-4e9f-818f-c69ebd8b589e - 5455 - ::1 - - 200 0 0 0
2017-09-06 15:08:19 ::1 GET /api/jobs/26ad5c7a-845f-4e9f-818f-c69ebd8b589e - 5455 - ::1 - - 200 0 0 0
2017-09-06 15:08:20 ::1 GET /api/jobs/26ad5c7a-845f-4e9f-818f-c69ebd8b589e - 5455 - ::1 - - 200 0 0 0
2017-09-06 15:08:21 ::1 GET /api/jobs/26ad5c7a-845f-4e9f-818f-c69ebd8b589e - 5455 - ::1 - - 200 0 0 0
2017-09-06 15:08:23 ::1 GET /api/jobs/26ad5c7a-845f-4e9f-818f-c69ebd8b589e - 5455 - ::1 - - 200 0 0 93
2017-09-06 15:08:23 ::1 POST /api/jobs - 5455 - ::1 - - 200 0 0 0
2017-09-06 15:08:23 ::1 GET /api/jobs/fafd50ad-5a6a-4c0d-a6e8-b2827f64b0d2 - 5455 - ::1 - - 200 0 0 0
2017-09-06 15:08:23 ::1 POST /api/jobs - 5455 - ::1 - - 200 0 0 15
2017-09-06 15:08:24 ::1 GET /api/jobs/78262491-0dc9-4f1f-bcd1-1bcea1854e64 - 5455 - ::1 - - 200 0 0 0
2017-09-06 15:08:56 ::1 POST /api/jobs - 5455 - ::1 - - 200 0 0 0
2017-09-06 15:08:58 ::1 GET /api/jobs/a7011d10-83a4-4b8e-a7f2-02a4ec569d73 - 5455 - ::1 - - 200 0 0 0
2017-09-06 15:09:07 ::1 POST /api/jobs - 5455 - ::1 - - 200 0 0 0
2017-09-06 15:09:07 ::1 GET /api/jobs/c0682a1d-daf1-45d3-946c-6aeaad9fe892 - 5455 - ::1 - - 200 0 0 0
2017-09-06 15:09:08 ::1 GET /api/jobs/c0682a1d-daf1-45d3-946c-6aeaad9fe892 - 5455 - ::1 - - 200 0 0 0
2017-09-06 15:09:08 ::1 GET /api/jobs/c0682a1d-daf1-45d3-946c-6aeaad9fe892 - 5455 - ::1 - - 200 0 0 0
2017-09-06 15:09:11 ::1 POST /api/jobs - 5455 - ::1 - - 200 0 0 0
2017-09-06 15:09:12 ::1 GET /api/jobs/8473be10-b465-4be8-a596-4e93e433e323 - 5455 - ::1 - - 200 0 0 0
2017-09-06 15:10:50 ::1 POST /api/jobs - 5455 - ::1 - - 200 0 0 0
2017-09-06 15:10:51 ::1 GET /api/jobs/d5bd3bc0-bf77-4812-8922-353d04ecadd9 - 5455 - ::1 - - 200 0 0 15
2017-09-06 15:11:14 ::1 POST /api/jobs - 5455 - ::1 - - 200 0 0 0
2017-09-06 15:11:16 ::1 GET /api/jobs/03cd2bf6-e62b-412d-8df1-3d22d51e1a4a - 5455 - ::1 - - 200 0 0 0
#Software: Microsoft Internet Information Services 10.0
#Version: 1.0
#Date: 2017-09-06 15:25:45
#Fields: date time s-ip cs-method cs-uri-stem cs-uri-query s-port cs-username c-ip cs(User-Agent) cs(Referer) sc-status sc-substatus sc-win32-status time-taken
2017-09-06 15:25:45 ::1 POST /api/jobs - 5455 - ::1 - - 200 0 0 656
2017-09-06 15:25:46 ::1 GET /api/jobs/e91def1c-6b45-434d-8d5a-9e090e57e384 - 5455 - ::1 - - 200 0 0 15
2017-09-06 15:25:49 ::1 POST /api/jobs - 5455 - ::1 - - 200 0 0 15
2017-09-06 15:25:50 ::1 GET /api/jobs/92ffb173-18d7-4906-96b5-4881e700ef08 - 5455 - ::1 - - 200 0 0 15
2017-09-06 15:26:01 ::1 POST /api/jobs - 5455 - ::1 - - 200 0 0 0
2017-09-06 15:26:02 ::1 GET /api/jobs/ed48e94f-4c4d-4dd4-81e7-dcb3e7cea6a1 - 5455 - ::1 - - 200 0 0 0
2017-09-06 15:26:03 ::1 GET /api/jobs/ed48e94f-4c4d-4dd4-81e7-dcb3e7cea6a1 - 5455 - ::1 - - 200 0 0 0
2017-09-06 15:26:04 ::1 GET /api/jobs/ed48e94f-4c4d-4dd4-81e7-dcb3e7cea6a1 - 5455 - ::1 - - 200 0 0 0
2017-09-06 15:26:05 ::1 GET /api/jobs/ed48e94f-4c4d-4dd4-81e7-dcb3e7cea6a1 - 5455 - ::1 - - 200 0 0 0
2017-09-06 15:26:06 ::1 GET /api/jobs/ed48e94f-4c4d-4dd4-81e7-dcb3e7cea6a1 - 5455 - ::1 - - 200 0 0 0
2017-09-06 15:26:07 ::1 GET /api/jobs/ed48e94f-4c4d-4dd4-81e7-dcb3e7cea6a1 - 5455 - ::1 - - 200 0 0 0
2017-09-06 15:26:08 ::1 GET /api/jobs/ed48e94f-4c4d-4dd4-81e7-dcb3e7cea6a1 - 5455 - ::1 - - 200 0 0 0
#Software: Microsoft Internet Information Services 10.0
#Version: 1.0
#Date: 2017-09-06 15:32:11
#Fields: date time s-ip cs-method cs-uri-stem cs-uri-query s-port cs-username c-ip cs(User-Agent) cs(Referer) sc-status sc-substatus sc-win32-status time-taken
2017-09-06 15:32:11 ::1 POST /api/jobs - 5455 - ::1 - - 200 0 0 1009
2017-09-06 15:32:12 ::1 GET /api/jobs/702ef24a-8922-43c4-89fa-24ca4e5abb4a - 5455 - ::1 - - 200 0 0 0
2017-09-06 15:32:13 ::1 GET /api/jobs/702ef24a-8922-43c4-89fa-24ca4e5abb4a - 5455 - ::1 - - 200 0 0 0
2017-09-06 15:32:14 ::1 GET /api/jobs/702ef24a-8922-43c4-89fa-24ca4e5abb4a - 5455 - ::1 - - 200 0 0 0
2017-09-06 15:32:15 ::1 GET /api/jobs/702ef24a-8922-43c4-89fa-24ca4e5abb4a - 5455 - ::1 - - 200 0 0 0
2017-09-06 15:32:16 ::1 GET /api/jobs/702ef24a-8922-43c4-89fa-24ca4e5abb4a - 5455 - ::1 - - 200 0 0 0
2017-09-06 15:32:17 ::1 GET /api/jobs/702ef24a-8922-43c4-89fa-24ca4e5abb4a - 5455 - ::1 - - 200 0 0 0
2017-09-06 15:32:18 ::1 GET /api/jobs/702ef24a-8922-43c4-89fa-24ca4e5abb4a - 5455 - ::1 - - 200 0 0 0
2017-09-06 15:32:19 ::1 GET /api/jobs/702ef24a-8922-43c4-89fa-24ca4e5abb4a - 5455 - ::1 - - 200 0 0 0
2017-09-06 15:32:20 ::1 GET /api/jobs/702ef24a-8922-43c4-89fa-24ca4e5abb4a - 5455 - ::1 - - 200 0 0 0
2017-09-06 15:32:21 ::1 GET /api/jobs/702ef24a-8922-43c4-89fa-24ca4e5abb4a - 5455 - ::1 - - 200 0 0 0
2017-09-06 15:32:22 ::1 GET /api/jobs/702ef24a-8922-43c4-89fa-24ca4e5abb4a - 5455 - ::1 - - 200 0 0 0
2017-09-06 15:32:23 ::1 GET /api/jobs/702ef24a-8922-43c4-89fa-24ca4e5abb4a - 5455 - ::1 - - 200 0 0 0
2017-09-06 15:32:24 ::1 GET /api/jobs/702ef24a-8922-43c4-89fa-24ca4e5abb4a - 5455 - ::1 - - 200 0 0 0
2017-09-06 15:32:25 ::1 GET /api/jobs/702ef24a-8922-43c4-89fa-24ca4e5abb4a - 5455 - ::1 - - 200 0 0 0
2017-09-06 15:32:27 ::1 GET /api/jobs/702ef24a-8922-43c4-89fa-24ca4e5abb4a - 5455 - ::1 - - 200 0 0 0
2017-09-06 15:32:28 ::1 GET /api/jobs/702ef24a-8922-43c4-89fa-24ca4e5abb4a - 5455 - ::1 - - 200 0 0 0
2017-09-06 15:32:29 ::1 GET /api/jobs/702ef24a-8922-43c4-89fa-24ca4e5abb4a - 5455 - ::1 - - 200 0 0 0
2017-09-06 15:32:30 ::1 GET /api/jobs/702ef24a-8922-43c4-89fa-24ca4e5abb4a - 5455 - ::1 - - 200 0 0 0
2017-09-06 15:32:31 ::1 GET /api/jobs/702ef24a-8922-43c4-89fa-24ca4e5abb4a - 5455 - ::1 - - 200 0 0 0
2017-09-06 15:32:32 ::1 GET /api/jobs/702ef24a-8922-43c4-89fa-24ca4e5abb4a - 5455 - ::1 - - 200 0 0 0
2017-09-06 15:32:33 ::1 GET /api/jobs/702ef24a-8922-43c4-89fa-24ca4e5abb4a - 5455 - ::1 - - 200 0 0 0
2017-09-06 15:32:34 ::1 GET /api/jobs/702ef24a-8922-43c4-89fa-24ca4e5abb4a - 5455 - ::1 - - 200 0 0 31
2017-09-06 15:32:34 ::1 POST /api/jobs - 5455 - ::1 - - 200 0 0 15
2017-09-06 15:32:35 ::1 GET /api/jobs/4e0800ec-2e53-485a-93b9-b1d8f7ed9b35 - 5455 - ::1 - - 200 0 0 0
2017-09-06 15:32:36 ::1 GET /api/jobs/4e0800ec-2e53-485a-93b9-b1d8f7ed9b35 - 5455 - ::1 - - 200 0 0 0
2017-09-06 15:32:36 ::1 POST /api/jobs - 5455 - ::1 - - 200 0 0 13
2017-09-06 15:32:36 ::1 GET /api/jobs/b3e1ab70-775e-49d4-aa68-114bb8666a38 - 5455 - ::1 - - 200 0 0 0
2017-09-06 15:32:37 ::1 GET /api/jobs/b3e1ab70-775e-49d4-aa68-114bb8666a38 - 5455 - ::1 - - 200 0 0 0
2017-09-06 15:32:37 ::1 GET /api/jobs/b3e1ab70-775e-49d4-aa68-114bb8666a38 - 5455 - ::1 - - 200 0 0 0
2017-09-06 15:32:37 ::1 POST /api/jobs - 5455 - ::1 - - 200 0 0 15
2017-09-06 15:32:38 ::1 GET /api/jobs/8ae1126b-ec69-459a-b76d-aa80e764dec9 - 5455 - ::1 - - 200 0 0 0
2017-09-06 15:32:38 ::1 GET /api/jobs/8ae1126b-ec69-459a-b76d-aa80e764dec9 - 5455 - ::1 - - 200 0 0 0
2017-09-06 15:32:39 ::1 GET /api/jobs/8ae1126b-ec69-459a-b76d-aa80e764dec9 - 5455 - ::1 - - 200 0 0 0
2017-09-06 15:32:39 ::1 POST /api/jobs - 5455 - ::1 - - 200 0 0 0
2017-09-06 15:32:39 ::1 GET /api/jobs/16f71239-7bdb-4c5f-87e1-47c8a7a3fc13 - 5455 - ::1 - - 200 0 0 0
2017-09-06 15:32:40 ::1 GET /api/jobs/16f71239-7bdb-4c5f-87e1-47c8a7a3fc13 - 5455 - ::1 - - 200 0 0 0
2017-09-06 15:32:40 ::1 POST /api/jobs - 5455 - ::1 - - 200 0 0 0
2017-09-06 15:32:40 ::1 GET /api/jobs/23632643-9c77-4498-9192-6dac1682f629 - 5455 - ::1 - - 200 0 0 0
2017-09-06 15:32:53 ::1 POST /api/jobs - 5455 - ::1 - - 200 0 0 0
2017-09-06 15:32:53 ::1 GET /api/jobs/aa9c7881-f307-4394-a029-1edd68b2546e - 5455 - ::1 - - 200 0 0 0
2017-09-06 15:32:54 ::1 GET /api/jobs/aa9c7881-f307-4394-a029-1edd68b2546e - 5455 - ::1 - - 200 0 0 0
2017-09-06 15:32:54 ::1 POST /api/jobs - 5455 - ::1 - - 200 0 0 0
2017-09-06 15:32:55 ::1 GET /api/jobs/25923d6e-99dd-4c88-8d70-96faf5390468 - 5455 - ::1 - - 200 0 0 0
2017-09-06 15:32:55 ::1 POST /api/jobs - 5455 - ::1 - - 200 0 0 15
2017-09-06 15:32:55 ::1 GET /api/jobs/25923d6e-99dd-4c88-8d70-96faf5390468 - 5455 - ::1 - - 200 0 0 1
2017-09-06 15:32:55 ::1 GET /api/jobs/5c070886-8267-465b-8d49-8aacdda7edbb - 5455 - ::1 - - 200 0 0 0
2017-09-06 15:32:59 ::1 POST /api/jobs - 5455 - ::1 - - 200 0 0 15
2017-09-06 15:32:59 ::1 GET /api/jobs/4b4d872a-9c00-4050-bedc-b26a3bc2300b - 5455 - ::1 - - 200 0 0 0
2017-09-06 15:33:00 ::1 GET /api/jobs/4b4d872a-9c00-4050-bedc-b26a3bc2300b - 5455 - ::1 - - 200 0 0 0
2017-09-06 15:33:00 ::1 GET /api/jobs/4b4d872a-9c00-4050-bedc-b26a3bc2300b - 5455 - ::1 - - 200 0 0 1
2017-09-06 15:33:01 ::1 POST /api/jobs - 5455 - ::1 - - 200 0 0 0
2017-09-06 15:33:01 ::1 POST /api/jobs - 5455 - ::1 - - 200 0 0 0
2017-09-06 15:33:01 ::1 GET /api/jobs/e598262b-79ea-448f-b971-0395b43de0f0 - 5455 - ::1 - - 200 0 0 0
2017-09-06 15:33:01 ::1 GET /api/jobs/4b502253-3096-4370-8831-3dab1263f893 - 5455 - ::1 - - 200 0 0 19
2017-09-06 15:33:02 ::1 GET /api/jobs/e598262b-79ea-448f-b971-0395b43de0f0 - 5455 - ::1 - - 200 0 0 0
2017-09-06 15:33:09 ::1 POST /api/jobs - 5455 - ::1 - - 200 0 0 15
2017-09-06 15:33:09 ::1 GET /api/jobs/738ce09b-10e2-488f-9bea-6a2c9f26052f - 5455 - ::1 - - 200 0 0 0
2017-09-06 15:33:10 ::1 GET /api/jobs/738ce09b-10e2-488f-9bea-6a2c9f26052f - 5455 - ::1 - - 200 0 0 0
2017-09-06 15:33:10 ::1 POST /api/jobs - 5455 - ::1 - - 200 0 0 0
2017-09-06 15:33:11 ::1 GET /api/jobs/4c098d28-cafb-4da3-8295-363049bc8d22 - 5455 - ::1 - - 200 0 0 0
2017-09-06 15:33:11 ::1 GET /api/jobs/4c098d28-cafb-4da3-8295-363049bc8d22 - 5455 - ::1 - - 200 0 0 0
2017-09-06 15:33:15 ::1 POST /api/jobs - 5455 - ::1 - - 200 0 0 15
2017-09-06 15:33:15 ::1 GET /api/jobs/d998e4bf-ca1c-48fc-a33d-a1428c37ab8d - 5455 - ::1 - - 200 0 0 0
2017-09-06 15:33:16 ::1 GET /api/jobs/d998e4bf-ca1c-48fc-a33d-a1428c37ab8d - 5455 - ::1 - - 200 0 0 0
2017-09-06 15:33:16 ::1 GET /api/jobs/d998e4bf-ca1c-48fc-a33d-a1428c37ab8d - 5455 - ::1 - - 200 0 0 0
2017-09-06 15:33:17 ::1 POST /api/jobs - 5455 - ::1 - - 200 0 0 15
2017-09-06 15:33:17 ::1 GET /api/jobs/18b42352-4d7f-4beb-9402-b4aa77f07b1f - 5455 - ::1 - - 200 0 0 0
2017-09-06 15:33:18 ::1 GET /api/jobs/18b42352-4d7f-4beb-9402-b4aa77f07b1f - 5455 - ::1 - - 200 0 0 0
2017-09-06 15:33:18 ::1 GET /api/jobs/18b42352-4d7f-4beb-9402-b4aa77f07b1f - 5455 - ::1 - - 200 0 0 0
2017-09-06 15:33:19 ::1 GET /api/jobs/18b42352-4d7f-4beb-9402-b4aa77f07b1f - 5455 - ::1 - - 200 0 0 0
2017-09-06 15:33:21 ::1 POST /api/jobs - 5455 - ::1 - - 200 0 0 0
2017-09-06 15:33:23 ::1 GET /api/jobs/83219fb6-9194-4f58-8495-a624419deaf0 - 5455 - ::1 - - 200 0 0 0
2017-09-06 15:33:24 ::1 GET /api/jobs/83219fb6-9194-4f58-8495-a624419deaf0 - 5455 - ::1 - - 200 0 0 0
2017-09-06 15:33:25 ::1 GET /api/jobs/83219fb6-9194-4f58-8495-a624419deaf0 - 5455 - ::1 - - 200 0 0 0
2017-09-06 15:33:26 ::1 GET /api/jobs/83219fb6-9194-4f58-8495-a624419deaf0 - 5455 - ::1 - - 200 0 0 0
2017-09-06 15:33:27 ::1 GET /api/jobs/83219fb6-9194-4f58-8495-a624419deaf0 - 5455 - ::1 - - 200 0 0 0
2017-09-06 15:33:28 ::1 GET /api/jobs/83219fb6-9194-4f58-8495-a624419deaf0 - 5455 - ::1 - - 200 0 0 0
2017-09-06 15:33:29 ::1 GET /api/jobs/83219fb6-9194-4f58-8495-a624419deaf0 - 5455 - ::1 - - 200 0 0 0
2017-09-06 15:33:30 ::1 GET /api/jobs/83219fb6-9194-4f58-8495-a624419deaf0 - 5455 - ::1 - - 200 0 0 0
2017-09-06 15:33:31 ::1 GET /api/jobs/83219fb6-9194-4f58-8495-a624419deaf0 - 5455 - ::1 - - 200 0 0 0
2017-09-06 15:33:32 ::1 GET /api/jobs/83219fb6-9194-4f58-8495-a624419deaf0 - 5455 - ::1 - - 200 0 0 0
2017-09-06 15:33:33 ::1 GET /api/jobs/83219fb6-9194-4f58-8495-a624419deaf0 - 5455 - ::1 - - 200 0 0 0
2017-09-06 15:33:34 ::1 GET /api/jobs/83219fb6-9194-4f58-8495-a624419deaf0 - 5455 - ::1 - - 200 0 0 0
2017-09-06 15:33:35 ::1 GET /api/jobs/83219fb6-9194-4f58-8495-a624419deaf0 - 5455 - ::1 - - 200 0 0 0
2017-09-06 15:33:36 ::1 GET /api/jobs/83219fb6-9194-4f58-8495-a624419deaf0 - 5455 - ::1 - - 200 0 0 109
2017-09-06 15:33:36 ::1 POST /api/jobs - 5455 - ::1 - - 200 0 0 0
2017-09-06 15:33:36 ::1 GET /api/jobs/f499bd02-9f55-4b12-84b9-8f333097ef42 - 5455 - ::1 - - 200 0 0 0
2017-09-06 15:33:37 ::1 GET /api/jobs/f499bd02-9f55-4b12-84b9-8f333097ef42 - 5455 - ::1 - - 200 0 0 0
2017-09-06 15:33:37 ::1 POST /api/jobs - 5455 - ::1 - - 200 0 0 15
2017-09-06 15:33:38 ::1 GET /api/jobs/e7d52a1f-a293-4ff0-be7f-589122e4ed4c - 5455 - ::1 - - 200 0 0 0
2017-09-06 15:33:45 ::1 POST /api/jobs - 5455 - ::1 - - 200 0 0 0
2017-09-06 15:33:46 ::1 GET /api/jobs/8c8a6996-8795-4d1b-91ff-0a2a652e2055 - 5455 - ::1 - - 200 0 0 0
2017-09-06 15:33:55 ::1 POST /api/jobs - 5455 - ::1 - - 200 0 0 0
2017-09-06 15:33:55 ::1 GET /api/jobs/e3dcc46f-6d16-4236-ac0d-204ea9db66a2 - 5455 - ::1 - - 200 0 0 0
2017-09-06 15:33:56 ::1 GET /api/jobs/e3dcc46f-6d16-4236-ac0d-204ea9db66a2 - 5455 - ::1 - - 200 0 0 0
2017-09-06 15:33:56 ::1 GET /api/jobs/e3dcc46f-6d16-4236-ac0d-204ea9db66a2 - 5455 - ::1 - - 200 0 0 0
2017-09-06 15:33:58 ::1 POST /api/jobs - 5455 - ::1 - - 200 0 0 15
2017-09-06 15:33:59 ::1 GET /api/jobs/70ddbfae-83db-4186-8449-a73e09c1cabb - 5455 - ::1 - - 200 0 0 0
2017-09-06 15:34:00 ::1 GET /api/jobs/70ddbfae-83db-4186-8449-a73e09c1cabb - 5455 - ::1 - - 200 0 0 0
2017-09-06 15:34:05 ::1 POST /api/jobs - 5455 - ::1 - - 200 0 0 15
2017-09-06 15:34:06 ::1 GET /api/jobs/3790c18e-fa93-47fa-82ba-d4cd47848e94 - 5455 - ::1 - - 200 0 0 0
2017-09-06 15:34:15 ::1 POST /api/jobs - 5455 - ::1 - - 200 0 0 46
2017-09-06 15:34:16 ::1 GET /api/jobs/038c9a69-65f1-4b28-b3da-d7629c1145e6 - 5455 - ::1 - - 200 0 0 0
2017-09-06 15:41:35 ::1 POST /api/jobs - 5455 - ::1 - - 200 0 0 0
2017-09-06 15:41:36 ::1 GET /api/jobs/4cf8578e-b87e-41c5-b57d-7db61d14a5b5 - 5455 - ::1 - - 200 0 0 0
2017-09-06 15:41:52 ::1 POST /api/jobs - 5455 - ::1 - - 200 0 0 0
2017-09-06 15:41:53 ::1 GET /api/jobs/02e20f7c-0200-4a07-8aa0-7b4bf5e764fa - 5455 - ::1 - - 200 0 0 15
2017-09-06 15:42:25 ::1 POST /api/jobs - 5455 - ::1 - - 200 0 0 0
2017-09-06 15:42:26 ::1 GET /api/jobs/702ef24a-8922-43c4-89fa-24ca4e5abb4a - 5455 - ::1 - - 200 0 0 15
2017-09-06 15:42:26 ::1 POST /api/jobs - 5455 - ::1 - - 200 0 0 0
2017-09-06 15:42:27 ::1 GET /api/jobs/4e0800ec-2e53-485a-93b9-b1d8f7ed9b35 - 5455 - ::1 - - 200 0 0 15
2017-09-06 15:42:27 ::1 POST /api/jobs - 5455 - ::1 - - 200 0 0 0
2017-09-06 15:42:27 ::1 GET /api/jobs/b3e1ab70-775e-49d4-aa68-114bb8666a38 - 5455 - ::1 - - 200 0 0 0
2017-09-06 15:42:27 ::1 POST /api/jobs - 5455 - ::1 - - 200 0 0 0
2017-09-06 15:42:28 ::1 GET /api/jobs/8ae1126b-ec69-459a-b76d-aa80e764dec9 - 5455 - ::1 - - 200 0 0 0
2017-09-06 15:42:28 ::1 POST /api/jobs - 5455 - ::1 - - 200 0 0 15
2017-09-06 15:42:28 ::1 GET /api/jobs/16f71239-7bdb-4c5f-87e1-47c8a7a3fc13 - 5455 - ::1 - - 200 0 0 0
2017-09-06 15:42:28 ::1 POST /api/jobs - 5455 - ::1 - - 200 0 0 0
2017-09-06 15:42:29 ::1 GET /api/jobs/d8300821-95d9-4a03-95bc-49799b5721d2 - 5455 - ::1 - - 200 0 0 0
2017-09-06 15:42:41 ::1 POST /api/jobs - 5455 - ::1 - - 200 0 0 0
2017-09-06 15:42:41 ::1 GET /api/jobs/aa9c7881-f307-4394-a029-1edd68b2546e - 5455 - ::1 - - 200 0 0 0
2017-09-06 15:42:42 ::1 POST /api/jobs - 5455 - ::1 - - 200 0 0 0
2017-09-06 15:42:42 ::1 GET /api/jobs/25923d6e-99dd-4c88-8d70-96faf5390468 - 5455 - ::1 - - 200 0 0 1
2017-09-06 15:42:45 ::1 POST /api/jobs - 5455 - ::1 - - 200 0 0 15
2017-09-06 15:42:45 ::1 GET /api/jobs/3bf5038f-df7e-4076-80b2-c22a903197a1 - 5455 - ::1 - - 200 0 0 0
2017-09-06 15:42:47 ::1 POST /api/jobs - 5455 - ::1 - - 200 0 0 15
2017-09-06 15:42:47 ::1 GET /api/jobs/4b4d872a-9c00-4050-bedc-b26a3bc2300b - 5455 - ::1 - - 200 0 0 0
2017-09-06 15:42:48 ::1 POST /api/jobs - 5455 - ::1 - - 200 0 0 15
2017-09-06 15:42:48 ::1 GET /api/jobs/e598262b-79ea-448f-b971-0395b43de0f0 - 5455 - ::1 - - 200 0 0 0
2017-09-06 15:42:51 ::1 POST /api/jobs - 5455 - ::1 - - 200 0 0 0
2017-09-06 15:42:51 ::1 GET /api/jobs/b4375750-886c-4548-9770-f5067a712410 - 5455 - ::1 - - 200 0 0 2
2017-09-06 15:42:57 ::1 POST /api/jobs - 5455 - ::1 - - 200 0 0 0
2017-09-06 15:42:57 ::1 GET /api/jobs/738ce09b-10e2-488f-9bea-6a2c9f26052f - 5455 - ::1 - - 200 0 0 0
2017-09-06 15:42:58 ::1 POST /api/jobs - 5455 - ::1 - - 200 0 0 0
2017-09-06 15:42:58 ::1 GET /api/jobs/4c098d28-cafb-4da3-8295-363049bc8d22 - 5455 - ::1 - - 200 0 0 0
2017-09-06 15:43:04 ::1 POST /api/jobs - 5455 - ::1 - - 200 0 0 6
2017-09-06 15:43:05 ::1 GET /api/jobs/7766402b-a957-418a-926f-b661652f045f - 5455 - ::1 - - 200 0 0 0
2017-09-06 15:43:06 ::1 GET /api/jobs/7766402b-a957-418a-926f-b661652f045f - 5455 - ::1 - - 200 0 0 0
2017-09-06 15:43:07 ::1 GET /api/jobs/7766402b-a957-418a-926f-b661652f045f - 5455 - ::1 - - 200 0 0 0
2017-09-06 15:43:08 ::1 GET /api/jobs/7766402b-a957-418a-926f-b661652f045f - 5455 - ::1 - - 200 0 0 0
2017-09-06 15:43:09 ::1 GET /api/jobs/7766402b-a957-418a-926f-b661652f045f - 5455 - ::1 - - 200 0 0 0
2017-09-06 15:43:10 ::1 GET /api/jobs/7766402b-a957-418a-926f-b661652f045f - 5455 - ::1 - - 200 0 0 0
2017-09-06 15:43:11 ::1 GET /api/jobs/7766402b-a957-418a-926f-b661652f045f - 5455 - ::1 - - 200 0 0 0
2017-09-06 15:43:12 ::1 GET /api/jobs/7766402b-a957-418a-926f-b661652f045f - 5455 - ::1 - - 200 0 0 0
2017-09-06 15:43:13 ::1 GET /api/jobs/7766402b-a957-418a-926f-b661652f045f - 5455 - ::1 - - 200 0 0 0
2017-09-06 15:43:14 ::1 GET /api/jobs/7766402b-a957-418a-926f-b661652f045f - 5455 - ::1 - - 200 0 0 140
2017-09-06 15:43:14 ::1 POST /api/jobs - 5455 - ::1 - - 200 0 0 15
2017-09-06 15:43:14 ::1 GET /api/jobs/354f7a9a-6ea7-4383-bbd0-e2188404f8ad - 5455 - ::1 - - 200 0 0 0
2017-09-06 15:43:14 ::1 POST /api/jobs - 5455 - ::1 - - 200 0 0 62
2017-09-06 15:43:16 ::1 GET /api/jobs/65e42e85-66ac-4f48-b039-5631491b78ec - 5455 - ::1 - - 200 0 0 0
2017-09-06 15:43:18 ::1 POST /api/jobs - 5455 - ::1 - - 200 0 0 0
2017-09-06 15:43:19 ::1 GET /api/jobs/ad0edf47-1411-43dc-912f-8fcb9cd9a8fc - 5455 - ::1 - - 200 0 0 0
2017-09-06 15:43:40 ::1 POST /api/jobs - 5455 - ::1 - - 200 0 0 15
2017-09-06 15:43:41 ::1 GET /api/jobs/b9846479-fb77-4b1c-9633-d1b726e52e6f - 5455 - ::1 - - 200 0 0 15
2017-09-06 15:44:05 ::1 POST /api/jobs - 5455 - ::1 - - 200 0 0 15
2017-09-06 15:44:05 ::1 GET /api/jobs/d65708ef-6a19-47a0-a8e9-331da312491f - 5455 - ::1 - - 200 0 0 0
2017-09-06 15:44:06 ::1 GET /api/jobs/d65708ef-6a19-47a0-a8e9-331da312491f - 5455 - ::1 - - 200 0 0 0
2017-09-06 15:44:06 ::1 GET /api/jobs/d65708ef-6a19-47a0-a8e9-331da312491f - 5455 - ::1 - - 200 0 0 0
2017-09-06 15:44:14 ::1 POST /api/jobs - 5455 - ::1 - - 200 0 0 15
2017-09-06 15:44:15 ::1 GET /api/jobs/e2be3f0e-264d-4d37-a9d5-11195713c76a - 5455 - ::1 - - 200 0 0 0
2017-09-06 15:45:06 ::1 POST /api/jobs - 5455 - ::1 - - 200 0 0 78
2017-09-06 15:45:06 ::1 GET /api/jobs/d8a7bf4f-3f68-4d08-8b90-b0db5ce5204f - 5455 - ::1 - - 200 0 0 0
2017-09-06 15:45:07 ::1 GET /api/jobs/d8a7bf4f-3f68-4d08-8b90-b0db5ce5204f - 5455 - ::1 - - 200 0 0 0
2017-09-06 15:45:07 ::1 GET /api/jobs/d8a7bf4f-3f68-4d08-8b90-b0db5ce5204f - 5455 - ::1 - - 200 0 0 0
2017-09-06 15:45:08 ::1 GET /api/jobs/d8a7bf4f-3f68-4d08-8b90-b0db5ce5204f - 5455 - ::1 - - 200 0 0 0
2017-09-06 15:45:08 ::1 GET /api/jobs/d8a7bf4f-3f68-4d08-8b90-b0db5ce5204f - 5455 - ::1 - - 200 0 0 0
2017-09-06 15:45:09 ::1 GET /api/jobs/d8a7bf4f-3f68-4d08-8b90-b0db5ce5204f - 5455 - ::1 - - 200 0 0 0
2017-09-06 15:45:09 ::1 GET /api/jobs/d8a7bf4f-3f68-4d08-8b90-b0db5ce5204f - 5455 - ::1 - - 200 0 0 0
2017-09-06 15:45:10 ::1 GET /api/jobs/d8a7bf4f-3f68-4d08-8b90-b0db5ce5204f - 5455 - ::1 - - 200 0 0 0
2017-09-06 15:45:26 ::1 POST /api/jobs - 5455 - ::1 - - 200 0 0 14
2017-09-06 15:45:27 ::1 GET /api/jobs/fcf3bccd-4807-4c89-9548-a1eecccde302 - 5455 - ::1 - - 200 0 0 0
2017-09-06 15:48:12 ::1 POST /api/jobs - 5455 - ::1 - - 200 0 0 0
2017-09-06 15:48:13 ::1 GET /api/jobs/702ef24a-8922-43c4-89fa-24ca4e5abb4a - 5455 - ::1 - - 200 0 0 15
2017-09-06 15:48:13 ::1 POST /api/jobs - 5455 - ::1 - - 200 0 0 0
2017-09-06 15:48:14 ::1 GET /api/jobs/4e0800ec-2e53-485a-93b9-b1d8f7ed9b35 - 5455 - ::1 - - 200 0 0 0
2017-09-06 15:48:14 ::1 POST /api/jobs - 5455 - ::1 - - 200 0 0 0
2017-09-06 15:48:14 ::1 GET /api/jobs/b3e1ab70-775e-49d4-aa68-114bb8666a38 - 5455 - ::1 - - 200 0 0 0
2017-09-06 15:48:14 ::1 POST /api/jobs - 5455 - ::1 - - 200 0 0 0
2017-09-06 15:48:15 ::1 GET /api/jobs/8ae1126b-ec69-459a-b76d-aa80e764dec9 - 5455 - ::1 - - 200 0 0 0
2017-09-06 15:48:15 ::1 POST /api/jobs - 5455 - ::1 - - 200 0 0 0
2017-09-06 15:48:15 ::1 GET /api/jobs/16f71239-7bdb-4c5f-87e1-47c8a7a3fc13 - 5455 - ::1 - - 200 0 0 0
2017-09-06 15:48:15 ::1 POST /api/jobs - 5455 - ::1 - - 200 0 0 0
2017-09-06 15:48:16 ::1 GET /api/jobs/babc601e-4489-4a41-b391-15d4099f23ff - 5455 - ::1 - - 200 0 0 0
2017-09-06 15:48:31 ::1 POST /api/jobs - 5455 - ::1 - - 200 0 0 0
2017-09-06 15:48:31 ::1 GET /api/jobs/aa9c7881-f307-4394-a029-1edd68b2546e - 5455 - ::1 - - 200 0 0 0
2017-09-06 15:48:32 ::1 POST /api/jobs - 5455 - ::1 - - 200 0 0 0
2017-09-06 15:48:32 ::1 GET /api/jobs/25923d6e-99dd-4c88-8d70-96faf5390468 - 5455 - ::1 - - 200 0 0 0
2017-09-06 15:48:37 ::1 POST /api/jobs - 5455 - ::1 - - 200 0 0 0
2017-09-06 15:48:37 ::1 GET /api/jobs/07061b3f-d6b9-4a92-ba31-82b324227733 - 5455 - ::1 - - 200 0 0 0
2017-09-06 15:48:40 ::1 POST /api/jobs - 5455 - ::1 - - 200 0 0 0
2017-09-06 15:48:40 ::1 GET /api/jobs/4b4d872a-9c00-4050-bedc-b26a3bc2300b - 5455 - ::1 - - 200 0 0 0
2017-09-06 15:48:41 ::1 POST /api/jobs - 5455 - ::1 - - 200 0 0 15
2017-09-06 15:48:41 ::1 GET /api/jobs/e598262b-79ea-448f-b971-0395b43de0f0 - 5455 - ::1 - - 200 0 0 0
2017-09-06 15:48:44 ::1 POST /api/jobs - 5455 - ::1 - - 200 0 0 0
2017-09-06 15:48:44 ::1 GET /api/jobs/aa99fe70-e62e-4abf-9bab-f8c55f2517eb - 5455 - ::1 - - 200 0 0 18
2017-09-06 15:48:50 ::1 POST /api/jobs - 5455 - ::1 - - 200 0 0 15
2017-09-06 15:48:50 ::1 GET /api/jobs/738ce09b-10e2-488f-9bea-6a2c9f26052f - 5455 - ::1 - - 200 0 0 0
2017-09-06 15:48:51 ::1 POST /api/jobs - 5455 - ::1 - - 200 0 0 15
2017-09-06 15:48:51 ::1 GET /api/jobs/4c098d28-cafb-4da3-8295-363049bc8d22 - 5455 - ::1 - - 200 0 0 0
2017-09-06 15:48:58 ::1 POST /api/jobs - 5455 - ::1 - - 200 0 0 15
2017-09-06 15:48:58 ::1 GET /api/jobs/d998e4bf-ca1c-48fc-a33d-a1428c37ab8d - 5455 - ::1 - - 200 0 0 0
2017-09-06 15:48:59 ::1 POST /api/jobs - 5455 - ::1 - - 200 0 0 0
2017-09-06 15:48:59 ::1 GET /api/jobs/18b42352-4d7f-4beb-9402-b4aa77f07b1f - 5455 - ::1 - - 200 0 0 1
2017-09-06 15:49:04 ::1 POST /api/jobs - 5455 - ::1 - - 200 0 0 0
2017-09-06 15:49:06 ::1 GET /api/jobs/269d89f0-9467-4055-be59-1ec86e33a0d6 - 5455 - ::1 - - 200 0 0 0
2017-09-06 15:49:07 ::1 GET /api/jobs/269d89f0-9467-4055-be59-1ec86e33a0d6 - 5455 - ::1 - - 200 0 0 0
2017-09-06 15:49:08 ::1 GET /api/jobs/269d89f0-9467-4055-be59-1ec86e33a0d6 - 5455 - ::1 - - 200 0 0 0
2017-09-06 15:49:09 ::1 GET /api/jobs/269d89f0-9467-4055-be59-1ec86e33a0d6 - 5455 - ::1 - - 200 0 0 0
2017-09-06 15:49:10 ::1 GET /api/jobs/269d89f0-9467-4055-be59-1ec86e33a0d6 - 5455 - ::1 - - 200 0 0 0
2017-09-06 15:49:11 ::1 GET /api/jobs/269d89f0-9467-4055-be59-1ec86e33a0d6 - 5455 - ::1 - - 200 0 0 0
2017-09-06 15:49:12 ::1 GET /api/jobs/269d89f0-9467-4055-be59-1ec86e33a0d6 - 5455 - ::1 - - 200 0 0 0
2017-09-06 15:49:13 ::1 GET /api/jobs/269d89f0-9467-4055-be59-1ec86e33a0d6 - 5455 - ::1 - - 200 0 0 0
2017-09-06 15:49:14 ::1 GET /api/jobs/269d89f0-9467-4055-be59-1ec86e33a0d6 - 5455 - ::1 - - 200 0 0 0
2017-09-06 15:49:15 ::1 GET /api/jobs/269d89f0-9467-4055-be59-1ec86e33a0d6 - 5455 - ::1 - - 200 0 0 140
2017-09-06 15:49:15 ::1 POST /api/jobs - 5455 - ::1 - - 200 0 0 0
2017-09-06 15:49:15 ::1 GET /api/jobs/e4e11f70-27a8-430f-8bb8-a4109d60527b - 5455 - ::1 - - 200 0 0 0
2017-09-06 15:49:15 ::1 POST /api/jobs - 5455 - ::1 - - 200 0 0 0
2017-09-06 15:49:16 ::1 GET /api/jobs/394c7223-8779-4cbc-8b31-8f102194e3ea - 5455 - ::1 - - 200 0 0 0
2017-09-06 15:49:20 ::1 POST /api/jobs - 5455 - ::1 - - 200 0 0 9
2017-09-06 15:49:21 ::1 GET /api/jobs/6dd54d35-52be-48f8-9c2f-c0f6204c88fb - 5455 - ::1 - - 200 0 0 0
2017-09-06 15:49:29 ::1 POST /api/jobs - 5455 - ::1 - - 200 0 0 15
2017-09-06 15:49:30 ::1 GET /api/jobs/bb6f90d6-be95-4cd6-8f66-18caee2d6bbd - 5455 - ::1 - - 200 0 0 0
2017-09-06 15:50:09 ::1 POST /api/jobs - 5455 - ::1 - - 200 0 0 0
2017-09-06 15:50:09 ::1 GET /api/jobs/34056456-e00d-4b1d-bfea-1075693bd6d7 - 5455 - ::1 - - 200 0 0 0
2017-09-06 15:50:10 ::1 GET /api/jobs/34056456-e00d-4b1d-bfea-1075693bd6d7 - 5455 - ::1 - - 200 0 0 0
2017-09-06 15:50:16 ::1 POST /api/jobs - 5455 - ::1 - - 200 0 0 0
2017-09-06 15:50:16 ::1 GET /api/jobs/97cb4815-cc20-4201-be12-d46a81925d8c - 5455 - ::1 - - 200 0 0 1
2017-09-06 15:50:17 ::1 GET /api/jobs/97cb4815-cc20-4201-be12-d46a81925d8c - 5455 - ::1 - - 200 0 0 1
2017-09-06 15:50:21 ::1 POST /api/jobs - 5455 - ::1 - - 200 0 0 15
2017-09-06 15:50:21 ::1 GET /api/jobs/265ccd2a-9c93-4d15-a535-1595519e2f4c - 5455 - ::1 - - 200 0 0 0
2017-09-06 15:50:22 ::1 GET /api/jobs/265ccd2a-9c93-4d15-a535-1595519e2f4c - 5455 - ::1 - - 200 0 0 0
2017-09-06 15:50:22 ::1 GET /api/jobs/265ccd2a-9c93-4d15-a535-1595519e2f4c - 5455 - ::1 - - 200 0 0 0
2017-09-06 15:50:23 ::1 GET /api/jobs/265ccd2a-9c93-4d15-a535-1595519e2f4c - 5455 - ::1 - - 200 0 0 0
2017-09-06 15:50:23 ::1 GET /api/jobs/265ccd2a-9c93-4d15-a535-1595519e2f4c - 5455 - ::1 - - 200 0 0 0
2017-09-06 15:50:44 ::1 POST /api/jobs - 5455 - ::1 - - 200 0 0 15
2017-09-06 15:50:45 ::1 GET /api/jobs/ff4b2b4e-d1be-4d14-b424-f6760b656f0d - 5455 - ::1 - - 200 0 0 15
2017-09-06 15:52:00 ::1 POST /api/jobs - 5455 - ::1 - - 200 0 0 15
2017-09-06 15:52:00 ::1 GET /api/jobs/660f33ff-5e60-4514-b116-21752ea9bcb4 - 5455 - ::1 - - 200 0 0 0
2017-09-06 15:52:01 ::1 GET /api/jobs/660f33ff-5e60-4514-b116-21752ea9bcb4 - 5455 - ::1 - - 200 0 0 0
2017-09-06 15:52:25 ::1 POST /api/jobs - 5455 - ::1 - - 200 0 0 62
2017-09-06 15:52:25 ::1 GET /api/jobs/54e172a0-ebfa-4640-a9e7-7b30a4ed3082 - 5455 - ::1 - - 200 0 0 0
2017-09-06 15:52:26 ::1 GET /api/jobs/54e172a0-ebfa-4640-a9e7-7b30a4ed3082 - 5455 - ::1 - - 200 0 0 0
2017-09-06 15:52:26 ::1 GET /api/jobs/54e172a0-ebfa-4640-a9e7-7b30a4ed3082 - 5455 - ::1 - - 200 0 0 1
2017-09-06 15:52:27 ::1 GET /api/jobs/54e172a0-ebfa-4640-a9e7-7b30a4ed3082 - 5455 - ::1 - - 200 0 0 0
2017-09-06 15:52:27 ::1 GET /api/jobs/54e172a0-ebfa-4640-a9e7-7b30a4ed3082 - 5455 - ::1 - - 200 0 0 0
2017-09-06 15:52:28 ::1 GET /api/jobs/54e172a0-ebfa-4640-a9e7-7b30a4ed3082 - 5455 - ::1 - - 200 0 0 0
2017-09-06 15:52:28 ::1 GET /api/jobs/54e172a0-ebfa-4640-a9e7-7b30a4ed3082 - 5455 - ::1 - - 200 0 0 0
2017-09-06 15:52:29 ::1 GET /api/jobs/54e172a0-ebfa-4640-a9e7-7b30a4ed3082 - 5455 - ::1 - - 200 0 0 0
2017-09-06 15:52:35 ::1 POST /api/jobs - 5455 - ::1 - - 200 0 0 15
2017-09-06 15:52:36 ::1 GET /api/jobs/3c71d8aa-2eb3-4041-95ae-e099eded93f6 - 5455 - ::1 - - 200 0 0 0
2017-09-06 15:52:56 ::1 POST /api/jobs - 5455 - ::1 - - 200 0 0 18
2017-09-06 15:52:56 ::1 GET /api/jobs/bbe4d2a7-5eb2-4de6-a9e1-7849015eea2f - 5455 - ::1 - - 200 0 0 0
2017-09-06 15:53:04 ::1 POST /api/jobs - 5455 - ::1 - - 200 0 0 0
2017-09-06 15:53:04 ::1 GET /api/jobs/9e80916d-7388-4356-ba03-b13494323641 - 5455 - ::1 - - 200 0 0 10
2017-09-06 15:53:07 ::1 POST /api/jobs - 5455 - ::1 - - 200 0 0 0
2017-09-06 15:53:07 ::1 GET /api/jobs/7e4d8b92-22e2-4df2-ad08-d820050f3d23 - 5455 - ::1 - - 200 0 0 0
2017-09-06 15:53:08 ::1 GET /api/jobs/7e4d8b92-22e2-4df2-ad08-d820050f3d23 - 5455 - ::1 - - 200 0 0 0
2017-09-06 15:53:12 ::1 POST /api/jobs - 5455 - ::1 - - 200 0 0 15
2017-09-06 15:53:12 ::1 GET /api/jobs/c230c4b6-39f1-4e8c-9657-dabe7cc2d77a - 5455 - ::1 - - 200 0 0 15
2017-09-06 15:53:27 ::1 POST /api/jobs - 5455 - ::1 - - 200 0 0 15
2017-09-06 15:53:27 ::1 GET /api/jobs/78bc3edb-eb7d-44ed-9a11-2ee9fb63c38b - 5455 - ::1 - - 200 0 0 0
2017-09-06 15:53:28 ::1 GET /api/jobs/78bc3edb-eb7d-44ed-9a11-2ee9fb63c38b - 5455 - ::1 - - 200 0 0 0
2017-09-06 15:53:32 ::1 POST /api/jobs - 5455 - ::1 - - 200 0 0 0
2017-09-06 15:53:32 ::1 GET /api/jobs/5b0547ac-d8d8-49ce-9220-317c050720eb - 5455 - ::1 - - 200 0 0 0
2017-09-06 15:53:35 ::1 POST /api/jobs - 5455 - ::1 - - 200 0 0 15
2017-09-06 15:53:35 ::1 GET /api/jobs/b75ea1db-e381-4751-ac54-fdfb9ff2b5e5 - 5455 - ::1 - - 200 0 0 0
2017-09-06 15:53:36 ::1 GET /api/jobs/b75ea1db-e381-4751-ac54-fdfb9ff2b5e5 - 5455 - ::1 - - 200 0 0 0
2017-09-06 15:53:42 ::1 POST /api/jobs - 5455 - ::1 - - 200 0 0 0
2017-09-06 15:53:42 ::1 GET /api/jobs/bd68a690-692e-4744-91bd-52a9836f15f0 - 5455 - ::1 - - 200 0 0 0
2017-09-06 15:53:45 ::1 POST /api/jobs - 5455 - ::1 - - 200 0 0 0
2017-09-06 15:53:45 ::1 GET /api/jobs/788e9d88-53e4-449e-9080-385bb559865d - 5455 - ::1 - - 200 0 0 0
2017-09-06 15:53:46 ::1 GET /api/jobs/788e9d88-53e4-449e-9080-385bb559865d - 5455 - ::1 - - 200 0 0 0
2017-09-06 15:53:46 ::1 GET /api/jobs/788e9d88-53e4-449e-9080-385bb559865d - 5455 - ::1 - - 200 0 0 0
2017-09-06 15:53:49 ::1 POST /api/jobs - 5455 - ::1 - - 200 0 0 0
2017-09-06 15:53:49 ::1 GET /api/jobs/fd53d7f0-d7f5-4bc0-8722-f9fadd77faf7 - 5455 - ::1 - - 200 0 0 0
2017-09-06 15:53:50 ::1 GET /api/jobs/fd53d7f0-d7f5-4bc0-8722-f9fadd77faf7 - 5455 - ::1 - - 200 0 0 0
2017-09-06 15:53:54 ::1 POST /api/jobs - 5455 - ::1 - - 200 0 0 5
2017-09-06 15:53:55 ::1 GET /api/jobs/0c78364a-d09a-4bf4-a8c9-ac4a9fc51201 - 5455 - ::1 - - 200 0 0 0
2017-09-06 15:53:56 ::1 GET /api/jobs/0c78364a-d09a-4bf4-a8c9-ac4a9fc51201 - 5455 - ::1 - - 200 0 0 0
2017-09-06 15:53:57 ::1 GET /api/jobs/0c78364a-d09a-4bf4-a8c9-ac4a9fc51201 - 5455 - ::1 - - 200 0 0 0
2017-09-06 15:53:58 ::1 GET /api/jobs/0c78364a-d09a-4bf4-a8c9-ac4a9fc51201 - 5455 - ::1 - - 200 0 0 0
2017-09-06 15:53:58 ::1 POST /api/jobs - 5455 - ::1 - - 200 0 0 0
2017-09-06 15:53:58 ::1 GET /api/jobs/9bed3060-0812-4bcb-8070-4b3f59ed9983 - 5455 - ::1 - - 200 0 0 0
2017-09-06 15:53:58 ::1 POST /api/jobs - 5455 - ::1 - - 200 0 0 15
2017-09-06 15:54:00 ::1 GET /api/jobs/47850753-67e9-4384-9bb0-59599b2016e2 - 5455 - ::1 - - 200 0 0 0
2017-09-06 15:54:01 ::1 GET /api/jobs/47850753-67e9-4384-9bb0-59599b2016e2 - 5455 - ::1 - - 200 0 0 0
2017-09-06 15:54:58 ::1 POST /api/jobs - 5455 - ::1 - - 200 0 0 0
2017-09-06 15:54:58 ::1 GET /api/jobs/e55b57e1-3e50-4e49-910f-0e84c50a6dd4 - 5455 - ::1 - - 200 0 0 1
2017-09-06 15:54:59 ::1 GET /api/jobs/e55b57e1-3e50-4e49-910f-0e84c50a6dd4 - 5455 - ::1 - - 200 0 0 0
2017-09-06 15:55:04 ::1 POST /api/jobs - 5455 - ::1 - - 200 0 0 15
2017-09-06 15:55:04 ::1 GET /api/jobs/0d654861-52af-492c-8d0d-9db3b923d1ba - 5455 - ::1 - - 200 0 0 0
2017-09-06 15:55:05 ::1 GET /api/jobs/0d654861-52af-492c-8d0d-9db3b923d1ba - 5455 - ::1 - - 200 0 0 0
2017-09-06 15:55:11 ::1 POST /api/jobs - 5455 - ::1 - - 200 0 0 15
2017-09-06 15:55:11 ::1 GET /api/jobs/cffbabc8-9bed-4be8-9a42-acbfe5d223ad - 5455 - ::1 - - 200 0 0 0
2017-09-06 15:55:12 ::1 GET /api/jobs/cffbabc8-9bed-4be8-9a42-acbfe5d223ad - 5455 - ::1 - - 200 0 0 0
2017-09-06 15:55:22 ::1 POST /api/jobs - 5455 - ::1 - - 200 0 0 0
2017-09-06 15:55:22 ::1 GET /api/jobs/dc39b1b8-191c-4fd3-a3da-94863f099724 - 5455 - ::1 - - 200 0 0 0
2017-09-06 15:55:23 ::1 GET /api/jobs/dc39b1b8-191c-4fd3-a3da-94863f099724 - 5455 - ::1 - - 200 0 0 0
2017-09-06 15:55:23 ::1 GET /api/jobs/dc39b1b8-191c-4fd3-a3da-94863f099724 - 5455 - ::1 - - 200 0 0 0
2017-09-06 15:55:24 ::1 GET /api/jobs/dc39b1b8-191c-4fd3-a3da-94863f099724 - 5455 - ::1 - - 200 0 0 0
2017-09-06 15:55:24 ::1 GET /api/jobs/dc39b1b8-191c-4fd3-a3da-94863f099724 - 5455 - ::1 - - 200 0 0 0
2017-09-06 15:55:26 ::1 GET /api/jobs/dc39b1b8-191c-4fd3-a3da-94863f099724 - 5455 - ::1 - - 200 0 0 0
2017-09-06 15:55:26 ::1 GET /api/jobs/dc39b1b8-191c-4fd3-a3da-94863f099724 - 5455 - ::1 - - 200 0 0 0
2017-09-06 15:55:27 ::1 GET /api/jobs/dc39b1b8-191c-4fd3-a3da-94863f099724 - 5455 - ::1 - - 200 0 0 0
2017-09-06 15:55:27 ::1 GET /api/jobs/dc39b1b8-191c-4fd3-a3da-94863f099724 - 5455 - ::1 - - 200 0 0 0
2017-09-06 15:55:28 ::1 GET /api/jobs/dc39b1b8-191c-4fd3-a3da-94863f099724 - 5455 - ::1 - - 200 0 0 0
2017-09-06 15:55:31 ::1 POST /api/jobs - 5455 - ::1 - - 200 0 0 0
2017-09-06 15:55:31 ::1 GET /api/jobs/acbacc0f-f002-41d4-88ca-acfb9b1a96c8 - 5455 - ::1 - - 200 0 0 0
2017-09-06 15:55:32 ::1 GET /api/jobs/acbacc0f-f002-41d4-88ca-acfb9b1a96c8 - 5455 - ::1 - - 200 0 0 0
2017-09-06 15:55:32 ::1 GET /api/jobs/acbacc0f-f002-41d4-88ca-acfb9b1a96c8 - 5455 - ::1 - - 200 0 0 0
2017-09-06 15:55:33 ::1 GET /api/jobs/acbacc0f-f002-41d4-88ca-acfb9b1a96c8 - 5455 - ::1 - - 200 0 0 0
2017-09-06 15:55:33 ::1 GET /api/jobs/acbacc0f-f002-41d4-88ca-acfb9b1a96c8 - 5455 - ::1 - - 200 0 0 0
2017-09-06 15:55:34 ::1 GET /api/jobs/acbacc0f-f002-41d4-88ca-acfb9b1a96c8 - 5455 - ::1 - - 200 0 0 0
2017-09-06 15:55:58 ::1 POST /api/jobs - 5455 - ::1 - - 200 0 0 5
2017-09-06 15:56:00 ::1 GET /api/jobs/58e604a9-f141-48b0-9896-6be1ae941d87 - 5455 - ::1 - - 200 0 0 0
2017-09-06 15:56:01 ::1 GET /api/jobs/58e604a9-f141-48b0-9896-6be1ae941d87 - 5455 - ::1 - - 200 0 0 0
2017-09-06 15:56:02 ::1 GET /api/jobs/58e604a9-f141-48b0-9896-6be1ae941d87 - 5455 - ::1 - - 200 0 0 0
2017-09-06 15:56:03 ::1 GET /api/jobs/58e604a9-f141-48b0-9896-6be1ae941d87 - 5455 - ::1 - - 200 0 0 0
2017-09-06 15:56:04 ::1 GET /api/jobs/58e604a9-f141-48b0-9896-6be1ae941d87 - 5455 - ::1 - - 200 0 0 0
2017-09-06 15:56:05 ::1 GET /api/jobs/58e604a9-f141-48b0-9896-6be1ae941d87 - 5455 - ::1 - - 200 0 0 0
2017-09-06 15:56:06 ::1 GET /api/jobs/58e604a9-f141-48b0-9896-6be1ae941d87 - 5455 - ::1 - - 200 0 0 0
2017-09-06 15:56:07 ::1 GET /api/jobs/58e604a9-f141-48b0-9896-6be1ae941d87 - 5455 - ::1 - - 200 0 0 0
2017-09-06 15:56:07 ::1 POST /api/jobs - 5455 - ::1 - - 200 0 0 0
2017-09-06 15:56:07 ::1 GET /api/jobs/d76f385f-6c63-4bfb-b3bd-a4231cd9d52d - 5455 - ::1 - - 200 0 0 0
2017-09-06 15:56:08 ::1 GET /api/jobs/d76f385f-6c63-4bfb-b3bd-a4231cd9d52d - 5455 - ::1 - - 200 0 0 0
2017-09-06 15:56:08 ::1 POST /api/jobs - 5455 - ::1 - - 200 0 0 0
2017-09-06 15:56:09 ::1 GET /api/jobs/5d856749-9931-4c0b-a0ce-cd7071147abc - 5455 - ::1 - - 200 0 0 0
2017-09-06 15:56:33 ::1 POST /api/jobs - 5455 - ::1 - - 200 0 0 15
2017-09-06 15:56:33 ::1 GET /api/jobs/0faa35be-6731-4f8b-9721-e2f2a2112816 - 5455 - ::1 - - 200 0 0 0
2017-09-06 15:56:34 ::1 GET /api/jobs/0faa35be-6731-4f8b-9721-e2f2a2112816 - 5455 - ::1 - - 200 0 0 0
2017-09-06 15:56:34 ::1 GET /api/jobs/0faa35be-6731-4f8b-9721-e2f2a2112816 - 5455 - ::1 - - 200 0 0 0
2017-09-06 15:56:35 ::1 GET /api/jobs/0faa35be-6731-4f8b-9721-e2f2a2112816 - 5455 - ::1 - - 200 0 0 0
2017-09-06 15:56:35 ::1 GET /api/jobs/0faa35be-6731-4f8b-9721-e2f2a2112816 - 5455 - ::1 - - 200 0 0 0
2017-09-06 15:56:36 ::1 GET /api/jobs/0faa35be-6731-4f8b-9721-e2f2a2112816 - 5455 - ::1 - - 200 0 0 0
2017-09-06 15:56:38 ::1 POST /api/jobs - 5455 - ::1 - - 200 0 0 0
2017-09-06 15:56:38 ::1 GET /api/jobs/acfc0568-e911-4024-a596-89b80c627bbd - 5455 - ::1 - - 200 0 0 0
2017-09-06 15:56:39 ::1 GET /api/jobs/acfc0568-e911-4024-a596-89b80c627bbd - 5455 - ::1 - - 200 0 0 0
2017-09-06 15:56:39 ::1 GET /api/jobs/acfc0568-e911-4024-a596-89b80c627bbd - 5455 - ::1 - - 200 0 0 0
2017-09-06 15:56:40 ::1 GET /api/jobs/acfc0568-e911-4024-a596-89b80c627bbd - 5455 - ::1 - - 200 0 0 0
2017-09-06 15:56:40 ::1 GET /api/jobs/acfc0568-e911-4024-a596-89b80c627bbd - 5455 - ::1 - - 200 0 0 0
2017-09-06 15:56:41 ::1 GET /api/jobs/acfc0568-e911-4024-a596-89b80c627bbd - 5455 - ::1 - - 200 0 0 0
2017-09-06 15:56:50 ::1 POST /api/jobs - 5455 - ::1 - - 200 0 0 0
2017-09-06 15:56:50 ::1 GET /api/jobs/33181f75-e6ab-4e38-96f8-901c355baee7 - 5455 - ::1 - - 200 0 0 0
2017-09-06 15:56:51 ::1 GET /api/jobs/33181f75-e6ab-4e38-96f8-901c355baee7 - 5455 - ::1 - - 200 0 0 0
2017-09-06 15:57:11 ::1 POST /api/jobs - 5455 - ::1 - - 200 0 0 15
2017-09-06 15:57:11 ::1 GET /api/jobs/9c01cf09-ee50-4d3a-a3df-43d3cdfa7cc7 - 5455 - ::1 - - 200 0 0 0
2017-09-06 15:57:12 ::1 GET /api/jobs/9c01cf09-ee50-4d3a-a3df-43d3cdfa7cc7 - 5455 - ::1 - - 200 0 0 0
2017-09-06 15:57:12 ::1 GET /api/jobs/9c01cf09-ee50-4d3a-a3df-43d3cdfa7cc7 - 5455 - ::1 - - 200 0 0 0
2017-09-06 15:57:13 ::1 GET /api/jobs/9c01cf09-ee50-4d3a-a3df-43d3cdfa7cc7 - 5455 - ::1 - - 200 0 0 0
2017-09-06 15:57:13 ::1 GET /api/jobs/9c01cf09-ee50-4d3a-a3df-43d3cdfa7cc7 - 5455 - ::1 - - 200 0 0 0
2017-09-06 15:57:14 ::1 GET /api/jobs/9c01cf09-ee50-4d3a-a3df-43d3cdfa7cc7 - 5455 - ::1 - - 200 0 0 0
2017-09-06 15:57:14 ::1 GET /api/jobs/9c01cf09-ee50-4d3a-a3df-43d3cdfa7cc7 - 5455 - ::1 - - 200 0 0 0
2017-09-06 15:57:53 ::1 POST /api/jobs - 5455 - ::1 - - 200 0 0 0
2017-09-06 15:57:53 ::1 GET /api/jobs/c0b4334d-475f-47a3-bdf1-9cd6c4a2c562 - 5455 - ::1 - - 200 0 0 0
2017-09-06 15:57:54 ::1 GET /api/jobs/c0b4334d-475f-47a3-bdf1-9cd6c4a2c562 - 5455 - ::1 - - 200 0 0 0
2017-09-06 15:57:54 ::1 GET /api/jobs/c0b4334d-475f-47a3-bdf1-9cd6c4a2c562 - 5455 - ::1 - - 200 0 0 0
2017-09-06 16:01:03 ::1 POST /api/jobs - 5455 - ::1 - - 200 0 0 15
2017-09-06 16:01:03 ::1 GET /api/jobs/c7ebd973-55dd-4d43-884a-ca49e6701614 - 5455 - ::1 - - 200 0 0 0
2017-09-06 16:01:04 ::1 GET /api/jobs/c7ebd973-55dd-4d43-884a-ca49e6701614 - 5455 - ::1 - - 200 0 0 0
2017-09-06 16:01:04 ::1 GET /api/jobs/c7ebd973-55dd-4d43-884a-ca49e6701614 - 5455 - ::1 - - 200 0 0 0
2017-09-06 16:01:05 ::1 GET /api/jobs/c7ebd973-55dd-4d43-884a-ca49e6701614 - 5455 - ::1 - - 200 0 0 0
2017-09-06 16:01:05 ::1 GET /api/jobs/c7ebd973-55dd-4d43-884a-ca49e6701614 - 5455 - ::1 - - 200 0 0 0
2017-09-06 16:01:06 ::1 GET /api/jobs/c7ebd973-55dd-4d43-884a-ca49e6701614 - 5455 - ::1 - - 200 0 0 0
2017-09-06 16:01:06 ::1 GET /api/jobs/c7ebd973-55dd-4d43-884a-ca49e6701614 - 5455 - ::1 - - 200 0 0 0
2017-09-06 16:01:07 ::1 GET /api/jobs/c7ebd973-55dd-4d43-884a-ca49e6701614 - 5455 - ::1 - - 200 0 0 0
2017-09-06 16:01:07 ::1 GET /api/jobs/c7ebd973-55dd-4d43-884a-ca49e6701614 - 5455 - ::1 - - 200 0 0 0
2017-09-06 16:01:08 ::1 GET /api/jobs/c7ebd973-55dd-4d43-884a-ca49e6701614 - 5455 - ::1 - - 200 0 0 0
2017-09-06 16:01:08 ::1 GET /api/jobs/c7ebd973-55dd-4d43-884a-ca49e6701614 - 5455 - ::1 - - 200 0 0 0
2017-09-06 16:01:09 ::1 GET /api/jobs/c7ebd973-55dd-4d43-884a-ca49e6701614 - 5455 - ::1 - - 200 0 0 0
2017-09-06 16:01:09 ::1 GET /api/jobs/c7ebd973-55dd-4d43-884a-ca49e6701614 - 5455 - ::1 - - 200 0 0 0
2017-09-06 16:01:10 ::1 GET /api/jobs/c7ebd973-55dd-4d43-884a-ca49e6701614 - 5455 - ::1 - - 200 0 0 0
2017-09-06 16:01:10 ::1 GET /api/jobs/c7ebd973-55dd-4d43-884a-ca49e6701614 - 5455 - ::1 - - 200 0 0 0
2017-09-06 16:01:11 ::1 GET /api/jobs/c7ebd973-55dd-4d43-884a-ca49e6701614 - 5455 - ::1 - - 200 0 0 0
2017-09-06 16:01:25 ::1 POST /api/jobs - 5455 - ::1 - - 200 0 0 15
2017-09-06 16:01:25 ::1 GET /api/jobs/7af02eef-6bad-4601-b90d-5ef403889e7c - 5455 - ::1 - - 200 0 0 0
2017-09-06 16:01:26 ::1 GET /api/jobs/7af02eef-6bad-4601-b90d-5ef403889e7c - 5455 - ::1 - - 200 0 0 0
2017-09-06 16:01:26 ::1 GET /api/jobs/7af02eef-6bad-4601-b90d-5ef403889e7c - 5455 - ::1 - - 200 0 0 0
2017-09-06 16:01:28 ::1 GET /api/jobs/7af02eef-6bad-4601-b90d-5ef403889e7c - 5455 - ::1 - - 200 0 0 2
2017-09-06 16:01:28 ::1 GET /api/jobs/7af02eef-6bad-4601-b90d-5ef403889e7c - 5455 - ::1 - - 200 0 0 0
2017-09-06 16:01:29 ::1 GET /api/jobs/7af02eef-6bad-4601-b90d-5ef403889e7c - 5455 - ::1 - - 200 0 0 0
2017-09-06 16:01:29 ::1 GET /api/jobs/7af02eef-6bad-4601-b90d-5ef403889e7c - 5455 - ::1 - - 200 0 0 0
2017-09-06 16:02:08 ::1 POST /api/jobs - 5455 - ::1 - - 200 0 0 15
2017-09-06 16:02:08 ::1 GET /api/jobs/a6218c05-7732-46c9-a41a-45e3ab563905 - 5455 - ::1 - - 200 0 0 0
2017-09-06 16:02:22 ::1 POST /api/jobs - 5455 - ::1 - - 200 0 0 0
2017-09-06 16:02:22 ::1 GET /api/jobs/79a36b5e-29ca-4560-8c11-4590728bf4eb - 5455 - ::1 - - 200 0 0 0
2017-09-06 16:02:43 ::1 POST /api/jobs - 5455 - ::1 - - 200 0 0 15
2017-09-06 16:02:43 ::1 GET /api/jobs/ec65b19a-350f-4b67-8929-0a6700442819 - 5455 - ::1 - - 200 0 0 15
2017-09-06 16:03:02 ::1 POST /api/jobs - 5455 - ::1 - - 200 0 0 15
2017-09-06 16:03:02 ::1 GET /api/jobs/3b2fa41d-3a4e-4135-8ac9-89c5ee676765 - 5455 - ::1 - - 200 0 0 24
